SERVER_HANDSHAKE_TRAFFIC_SECRET 352045509ff58fd00452663559c76e735bd1471d4a6d299242a91e944229331f 56f163351b43e586436c2d435f993d86cda81d118195bb998667ef1e319169fa7f7c43dc867a56472703ae9471d1c3b1
EXPORTER_SECRET 352045509ff58fd00452663559c76e735bd1471d4a6d299242a91e944229331f a5d463cfac127e936a4e62391868c371aa07b0ab47fc4e332bb3f2f387f8039a040fe538114213a51cce98dc61f8d850
SERVER_TRAFFIC_SECRET_0 352045509ff58fd00452663559c76e735bd1471d4a6d299242a91e944229331f c4e421bd9da6012d448415a2fd74b184a18875d49eb2581f750736515ee8a43a09183df7409658b76a785b41897be1e5
CLIENT_HANDSHAKE_TRAFFIC_SECRET 352045509ff58fd00452663559c76e735bd1471d4a6d299242a91e944229331f d559b65a7320d69ac0f8510581a441876667cbb88bd604f1ec68ec343213fb273870d7839504b6849974aa987b4492c1
CLIENT_TRAFFIC_SECRET_0 352045509ff58fd00452663559c76e735bd1471d4a6d299242a91e944229331f a374ccabdb8102ea1d04bc490a6b26894be876b0b371a4d51ed0a3047741ea46cc14db48b021a808a99fdc7f16173eb8
SERVER_HANDSHAKE_TRAFFIC_SECRET daf0279c8cae4455e86519b05d06f292ab6e5762b6b969aec3ab6ad9f25021d1 4929f99e79bbf32a0c4f6bc8d5d5406e4b182e00bda95ae058e739d9d49f0b1532fe579a11b1250c9e202a43f9eafc08
EXPORTER_SECRET daf0279c8cae4455e86519b05d06f292ab6e5762b6b969aec3ab6ad9f25021d1 b8ef7d6d7a248f1104968286cc626895fb27ae473273b4499631365fd52d8e09d39500c0427e4c1ceb4a55f694b6af38
SERVER_TRAFFIC_SECRET_0 daf0279c8cae4455e86519b05d06f292ab6e5762b6b969aec3ab6ad9f25021d1 6f207937bf5c6ef907784088f13a1949d2bf97140df86dccc73a7378cf32d21cf4be749910f5184f7dcab761eaba714a
CLIENT_HANDSHAKE_TRAFFIC_SECRET daf0279c8cae4455e86519b05d06f292ab6e5762b6b969aec3ab6ad9f25021d1 554bd963f96ccdb0a07df0a53a773d0d5bafa30fcdb8ad22cb53cfbd99a13bfe4981376bc88b2cf629a64309482c4c9a
CLIENT_TRAFFIC_SECRET_0 daf0279c8cae4455e86519b05d06f292ab6e5762b6b969aec3ab6ad9f25021d1 583a3249d7f57245d6a243c6bf0a5ac729d883599b2db82e0148d7e3e2c00459eb53733851d4244abeec1178ba7ec50e
SERVER_HANDSHAKE_TRAFFIC_SECRET 205103a86143238f3d6d0a63be9c8e21281a669a227382924011253555ef17c4 56ded898183c8356b998e3579aca5beba0feebe0caf331e1a15694a279be3ec56ce2eb731cc02cc546d3c18fce741fee
EXPORTER_SECRET 205103a86143238f3d6d0a63be9c8e21281a669a227382924011253555ef17c4 97ebe2d6bbc826d94c21aca4c7f8317558c2e7cdbab351ced379ddb6c22abf5dbb30a6bcaa39cfd0db258df551827f68
SERVER_TRAFFIC_SECRET_0 205103a86143238f3d6d0a63be9c8e21281a669a227382924011253555ef17c4 1e7b7fc1cda067c60c57642a18a9d785dd43da1e8a54cde5e8e69fb5c43da1c7235584f3ea1bb4aa7a66240f4ece3f08
CLIENT_HANDSHAKE_TRAFFIC_SECRET 205103a86143238f3d6d0a63be9c8e21281a669a227382924011253555ef17c4 c5ba9a28ad6f1dcef80c4b3bef79587ba57a7e7614d8973a44065160c49df6b8ebd3fc4f00623747c62362b8b282b8f3
CLIENT_TRAFFIC_SECRET_0 205103a86143238f3d6d0a63be9c8e21281a669a227382924011253555ef17c4 b073a88361d4bdc53d96061371ac920a36f57589807c13600d9edbfe47d1be1f0a721d4d90a8509f73218805a68be5da
SERVER_HANDSHAKE_TRAFFIC_SECRET 6aa2291d48e956fb1e5c27e75a96755c36e2a319ad234473d1f4a87ce2d528c4 063044f0ffe985692a8a03e5a96d62295816eec956caa943bd850c82bfff90cde16a9c00ad0eab4a5892ae6ee452713c
EXPORTER_SECRET 6aa2291d48e956fb1e5c27e75a96755c36e2a319ad234473d1f4a87ce2d528c4 ed9a27dbd54c0cfaf5ae5e0adf98526402992555bc72acf0bb16ed967de0fcc1051966eee33d0bf2e853feab2ccf574f
SERVER_TRAFFIC_SECRET_0 6aa2291d48e956fb1e5c27e75a96755c36e2a319ad234473d1f4a87ce2d528c4 9fef7b823ec268a9f3fccfd102842c7c682bd5baba2466a2443f45ec11a79b4463111857f570c019b0d78174943449b7
CLIENT_HANDSHAKE_TRAFFIC_SECRET 6aa2291d48e956fb1e5c27e75a96755c36e2a319ad234473d1f4a87ce2d528c4 285903da80a1f1a0974568223b80ea28f1626a43fde18b1a79466c8b9b3d71a87c7ee2d9fb93fc6e0393f9cbe83cc172
CLIENT_TRAFFIC_SECRET_0 6aa2291d48e956fb1e5c27e75a96755c36e2a319ad234473d1f4a87ce2d528c4 1a96d96634507cc15a01102e7ca860122ce33ae8c646101a98e30079707e1f036c783fa6cfc85ae3b3efd0e2fd81cde8
SERVER_HANDSHAKE_TRAFFIC_SECRET 6062f50dc58290316e88940ac62e6a766e7eda40fe061f16ffca46230aa60864 e02ef982bda1c06c371d1acdf64ba5aeef3383b4e4e27a09efb5190860183cbd8c2c42b846d2b577f4851a19f17deabd
EXPORTER_SECRET 6062f50dc58290316e88940ac62e6a766e7eda40fe061f16ffca46230aa60864 a9fd98d51fdf5b70b32590c7c5fad219814af590d54d2f2eb97aa1bbdaf2f650e0a39c51fd9168baa16910ed297b6c2d
SERVER_TRAFFIC_SECRET_0 6062f50dc58290316e88940ac62e6a766e7eda40fe061f16ffca46230aa60864 62612811e07d3243c41921c7ecd52cf20a6da194f25b7ce7eb7dc82a8ff5a9b021ab9c9fccad8a61b08833104e68e503
CLIENT_HANDSHAKE_TRAFFIC_SECRET 6062f50dc58290316e88940ac62e6a766e7eda40fe061f16ffca46230aa60864 7cc2315c30c9ade74f2745fb9140f07a29811b84ecfb53fd27da8f851037319d91af451840dc410414f856486dfcba88
CLIENT_TRAFFIC_SECRET_0 6062f50dc58290316e88940ac62e6a766e7eda40fe061f16ffca46230aa60864 b1324af8e908efee5c196c479cf5bf5b8414fb810d1f018c9771cca34da3f60f9eb428d28fc4d66c2f3a275acdeb79ab
SERVER_HANDSHAKE_TRAFFIC_SECRET 203c40881e853d1820e66743a84d1de05b24b3bd2b1f0ac660b0f5ee08c9153a b80a13999f4ee4c3669f17f0ea090d62ee9c9b847f3f87209a9daa03712cc8daaae5665bedbef4e79508026a6ae20125
EXPORTER_SECRET 203c40881e853d1820e66743a84d1de05b24b3bd2b1f0ac660b0f5ee08c9153a b9b63a9c6890698d0ff154b270a84509f29b2532489e1bf77adc79f8f85a8f580a592db94233f9a3abcadbf05aee866b
SERVER_TRAFFIC_SECRET_0 203c40881e853d1820e66743a84d1de05b24b3bd2b1f0ac660b0f5ee08c9153a de5a69d83cb3f70eab2c79fd1536de754a7800058b05ad6a45d4a820abe39580883a5021639223fddfdf64ef1dee5c26
CLIENT_HANDSHAKE_TRAFFIC_SECRET 203c40881e853d1820e66743a84d1de05b24b3bd2b1f0ac660b0f5ee08c9153a 783c3c5317a94a94241ad0eedb7bcdae106562234f5959882d7751b302efb0bf058047c7f428161bfc2661a981c8a2b8
CLIENT_TRAFFIC_SECRET_0 203c40881e853d1820e66743a84d1de05b24b3bd2b1f0ac660b0f5ee08c9153a 517a125d3f5c59239fac44320a7c98c6f35fbceaaf81c925c7457a0e9f11b7bb5ee3ad96dab558c44ca266527edeb168
SERVER_HANDSHAKE_TRAFFIC_SECRET 914b0ed3ad7fa08187f7ad40e1039bfbdc5f8139e764987e29f860218e691687 be5c14e872a0267ece4d8c5781eeb89a12fe10b2c500fcd95be969703dd51d3288359ef7d41d5d19caaf437ed3df615d
EXPORTER_SECRET 914b0ed3ad7fa08187f7ad40e1039bfbdc5f8139e764987e29f860218e691687 bad90a7a4f95d6b5cd9e4c54d8a80442a6503844738b5d21a8d562f9de6aacd70eebab744cbc7d5dd63f5bab875eb059
SERVER_TRAFFIC_SECRET_0 914b0ed3ad7fa08187f7ad40e1039bfbdc5f8139e764987e29f860218e691687 9b9083aacaa02353fbc41fc5e4bca6d0c48f611caf090d25c1720437970fd163181cd1286afad529290cb704358e0772
CLIENT_HANDSHAKE_TRAFFIC_SECRET 914b0ed3ad7fa08187f7ad40e1039bfbdc5f8139e764987e29f860218e691687 ec0e302f25f6714f0ef0203084162a565743e46edc1752af9fe11cf43f64766693fa2aad76bc48d0451267e81b523e94
CLIENT_TRAFFIC_SECRET_0 914b0ed3ad7fa08187f7ad40e1039bfbdc5f8139e764987e29f860218e691687 fb3f23e14b4129a5714a30eac1e232da6e8e88dd07d8853c687b22dd2142b2f9fe60973389bf287604d13a8364ad6487
SERVER_HANDSHAKE_TRAFFIC_SECRET 64ddefa8485a22e2a1920313925eacdb32f78dfe4b545aceb05171de8a6875d9 1e640aef898173b6579cc752f35d27b30426874a59170cee27b0abd870be0cf7e5eb865b2962b0b813535178fd3f18fb
EXPORTER_SECRET 64ddefa8485a22e2a1920313925eacdb32f78dfe4b545aceb05171de8a6875d9 603e193deaf874996786db6b36ad7ce533511850d510594fbdd543473180018119f0fe8ccee53f3d8748c00e935bf4d2
SERVER_TRAFFIC_SECRET_0 64ddefa8485a22e2a1920313925eacdb32f78dfe4b545aceb05171de8a6875d9 bffd8e9dab9632d68494980ec464d9e3db52b554516ea7d0945263d1194cea21aaaee32a595658cee2946945eacadd9d
CLIENT_HANDSHAKE_TRAFFIC_SECRET 64ddefa8485a22e2a1920313925eacdb32f78dfe4b545aceb05171de8a6875d9 c78432a50fd2dd356009ab49b7e5c73d86133f790e21222a2b1bd787e792d6e1c088d7dbaface16d29852da7b60af47b
CLIENT_TRAFFIC_SECRET_0 64ddefa8485a22e2a1920313925eacdb32f78dfe4b545aceb05171de8a6875d9 0dfc729cc30bb10acf16de1baecf0223ad99d88933b0c539cc489ae6d3ab55dda561b92e211b7891e190bd3e88594f4b
SERVER_HANDSHAKE_TRAFFIC_SECRET 7fa72e40ed34eb02abc1b2dc242c0c3cb3c32761b92aed5b5b0498998a5deb65 8d99c8450b8a552342f3309e6b163f4119fdc8d63f070a797866c5c21be02da428e9d54006accc36e4b56611c2950cc1
EXPORTER_SECRET 7fa72e40ed34eb02abc1b2dc242c0c3cb3c32761b92aed5b5b0498998a5deb65 d087ce98c93bce27197fff2d50ee46afa2ab265eda070b7e8fb55641eb67aa8300fc10e953db51677b237b26359b06dd
SERVER_TRAFFIC_SECRET_0 7fa72e40ed34eb02abc1b2dc242c0c3cb3c32761b92aed5b5b0498998a5deb65 659a7d55504b8db58461d5e757c8afab40a39befc7004b48d7a4b0b2338ccced9012c106f83bd7c49601b48ca9fda242
CLIENT_HANDSHAKE_TRAFFIC_SECRET 7fa72e40ed34eb02abc1b2dc242c0c3cb3c32761b92aed5b5b0498998a5deb65 c618ef02c14b66342aa0a823e613e087225d7c91c9c0894c2c0c22047e82a7f084f85910cdc4bafdb2329542b4167e40
CLIENT_TRAFFIC_SECRET_0 7fa72e40ed34eb02abc1b2dc242c0c3cb3c32761b92aed5b5b0498998a5deb65 d126eebf9adf0447310550f1a868d080bd9ca5d9e756bfe5d685fbb9e0d6f983c5e0149d0b348a66fdf4d69ff59485e9
SERVER_HANDSHAKE_TRAFFIC_SECRET e64b6d832a3c7e27b65b6bc9e991d79822314ed28c9b45ab15675cedb6a8197a 193a96c85390ad3159a7674d364e9521c652ea00f54c7bc30248b5e298aa9c8a9af4731d0f6e217db211447c787b4b41
EXPORTER_SECRET e64b6d832a3c7e27b65b6bc9e991d79822314ed28c9b45ab15675cedb6a8197a 7dad92f2c25d20511246cae5f492b865476cb1d7410c5af9c54c72646a13fe00c48aa1f103369be38892c83a75a113b7
SERVER_TRAFFIC_SECRET_0 e64b6d832a3c7e27b65b6bc9e991d79822314ed28c9b45ab15675cedb6a8197a 717c799a2ca8f088daab91c7cb2f1421b00a2d3ca0e664cd713a049730dd9c29f81932c49da27755975c9a1e6107bd86
CLIENT_HANDSHAKE_TRAFFIC_SECRET e64b6d832a3c7e27b65b6bc9e991d79822314ed28c9b45ab15675cedb6a8197a e8637075a896d026d1f6025cf1a8fdae867c25b44c69ffdbca036ce26994d99ca62ffcf5abdc2119db869941358090cf
CLIENT_TRAFFIC_SECRET_0 e64b6d832a3c7e27b65b6bc9e991d79822314ed28c9b45ab15675cedb6a8197a 6a83886d2bef4c277aea7b5fa407e099d7d27bbcbea204e0bfb2e2d3a37e1383cd13d9c7d180329098486cf3d1433609
SERVER_HANDSHAKE_TRAFFIC_SECRET 5734b0b545a2a83972b2c4916276054f1185a21126785e688649d7e5f2a7d132 c3871be441b3a19e081430d1e81a9d3bbb73b4f93e9fd39512728f23638dab3e619627b8e405fc0d806ce180a33b9a3b
EXPORTER_SECRET 5734b0b545a2a83972b2c4916276054f1185a21126785e688649d7e5f2a7d132 35f0d05e5063aa1717e4869dcc4265596278b42ee5397e801f1242065a43dd9a555e5741baa8424ccf8d2bfe4b6ee8dd
SERVER_TRAFFIC_SECRET_0 5734b0b545a2a83972b2c4916276054f1185a21126785e688649d7e5f2a7d132 3339de3f8346054481dc896843f9cac6c91d6234d4f4a1f678c017d7d64ddde0e2acbf9fc346e7f1020017d6e83bb501
CLIENT_HANDSHAKE_TRAFFIC_SECRET 5734b0b545a2a83972b2c4916276054f1185a21126785e688649d7e5f2a7d132 a92cbe6131830b3f8ab9b971e1516efebfd46fd536620a96e85d1a24d090c737df6135eec77343730f77999a16f914b7
CLIENT_TRAFFIC_SECRET_0 5734b0b545a2a83972b2c4916276054f1185a21126785e688649d7e5f2a7d132 a20f9b62c213fbb8cf2d7314d63dc12ddaf0d07e83171d34b348551da8e3905e208e45550897c73146c37f3dc64f8970
SERVER_HANDSHAKE_TRAFFIC_SECRET 7f47daa40a6c1c4592f2202d1287aff256e11d33c8508b30fc67e55361b5fb4d a139419e158bd9313d7af4bf22b11a51c4c485255e53e1545ceb25a447daecfe669d4422723ac64f9996620095c34d58
EXPORTER_SECRET 7f47daa40a6c1c4592f2202d1287aff256e11d33c8508b30fc67e55361b5fb4d 805e5ef94bf6680df4d4b2bc63b67c51325c3aed3e31f9ca01fe6f0d8f65ac7d1b8bf4e48ab64e824121dbec830e6dfc
SERVER_TRAFFIC_SECRET_0 7f47daa40a6c1c4592f2202d1287aff256e11d33c8508b30fc67e55361b5fb4d d8c3321991c3b863a34f2790f52e805e595066997fbd59192beb24637ecf2e6c1a9a4af1116324d760cd98db4178bf55
CLIENT_HANDSHAKE_TRAFFIC_SECRET 7f47daa40a6c1c4592f2202d1287aff256e11d33c8508b30fc67e55361b5fb4d edef72bb57e62e4dcc58fe1b5a99953216832beb106214b2074747831103612a396c7784a28505c0b425da9ea9860e95
CLIENT_TRAFFIC_SECRET_0 7f47daa40a6c1c4592f2202d1287aff256e11d33c8508b30fc67e55361b5fb4d e2ef3806694e47ad21f684255f1e13ed05c3fecbc06b68eb5fb8585abc74d6b67091f44476cb71ff8d7422107a52cb97
SERVER_HANDSHAKE_TRAFFIC_SECRET b06a5353a252a4fef38d9ad99c8ca56cdc5d34118bc87190bd7dd45ab7acb711 c1152d24074d2f15d22735ec70c8d66e1c86783beb6579f3bc6566d818fdb0005180f4e953c09da3d9529f2a4c34fa00
EXPORTER_SECRET b06a5353a252a4fef38d9ad99c8ca56cdc5d34118bc87190bd7dd45ab7acb711 5f3056a4b4fe68d6061d60b542f05aa942688b6a4a40969f4993e658bd7de160c83da2b0affc594611bca624eb39e421
SERVER_TRAFFIC_SECRET_0 b06a5353a252a4fef38d9ad99c8ca56cdc5d34118bc87190bd7dd45ab7acb711 70e8f28f12abea5f3024916f571eb555357f7a4cc64f87690db186e216d1b2a7aeb58ee2bbecc1430a2962c01852803a
CLIENT_HANDSHAKE_TRAFFIC_SECRET b06a5353a252a4fef38d9ad99c8ca56cdc5d34118bc87190bd7dd45ab7acb711 c4d2fa219643d6d6c2933fbf1b596a0aef6162849c1544c7c56ec704c9f91209f941c0e30a1730d4fdd039fc9a2bafde
CLIENT_TRAFFIC_SECRET_0 b06a5353a252a4fef38d9ad99c8ca56cdc5d34118bc87190bd7dd45ab7acb711 4f5ba6e0a58eeda77da3945ac9b286829d13667ed9a83bc3c2d13ac75e54c664c8ae516685b76c52e31ba649816db863
SERVER_HANDSHAKE_TRAFFIC_SECRET 94f66c932103c4e7036a8d4e65b14cf9bbd95e5ef56db93a3430638cfb88a1f0 1e8f2af671f3c035f458e8267ccc54b693ec0dd0840cfd3a3511fadd6dcbf19555acecaf47dae80c30cc7b68fcfc10e5
EXPORTER_SECRET 94f66c932103c4e7036a8d4e65b14cf9bbd95e5ef56db93a3430638cfb88a1f0 0f672b1b94a65c3a96d3f825367dfaff98d531e27557da431a7012facf14e55e7e2507e49dd35cd8166a3c0e939288cd
SERVER_TRAFFIC_SECRET_0 94f66c932103c4e7036a8d4e65b14cf9bbd95e5ef56db93a3430638cfb88a1f0 3998abf568120a0d37eaf958b0f4b6364672570db776727bd3928113f5881b5eef2a946e37cfdf064ef681e7f145d407
CLIENT_HANDSHAKE_TRAFFIC_SECRET 94f66c932103c4e7036a8d4e65b14cf9bbd95e5ef56db93a3430638cfb88a1f0 093bdd217f9472f9eaeefaac0a1f6b67086c980bc97d307e3c64fc87aaab573112791af28debf69ec1ed891a9fb87a40
CLIENT_TRAFFIC_SECRET_0 94f66c932103c4e7036a8d4e65b14cf9bbd95e5ef56db93a3430638cfb88a1f0 585150aa8ab022070daf4007511b55223873fc8d4fe86b8031c079e780eed498673583aa8633c314babb4439d12668bb
SERVER_HANDSHAKE_TRAFFIC_SECRET fc6c371e5348dae4302d9a7c865d58dce7a064616164667ee56b5f6907338e26 a73f0ea31966c5f8cf9808807c222785dda0d13cd9cf87a9e3e781e4f77ceba231e63d8372e8c1bcabf51e73f9fb9bd1
EXPORTER_SECRET fc6c371e5348dae4302d9a7c865d58dce7a064616164667ee56b5f6907338e26 acc5cdb653971460f0ef81e47f8e895f03244b30b01345a04f5af5e8aefe68469afadd4fcaf9936d482ccf1afd51af42
SERVER_TRAFFIC_SECRET_0 fc6c371e5348dae4302d9a7c865d58dce7a064616164667ee56b5f6907338e26 f00cca229553698a92ba3a6d1162491d17de9b2f1aa7198927d29d2d6980f14d5c5cff8c88fc67034b447f22719d997e
CLIENT_HANDSHAKE_TRAFFIC_SECRET fc6c371e5348dae4302d9a7c865d58dce7a064616164667ee56b5f6907338e26 04f6af33283c65316233776ff8c789b72ec18bb6e8679112b6a48ca64ea989a3943a1dc87e4f6ca4cd4ecf9041ae3720
CLIENT_TRAFFIC_SECRET_0 fc6c371e5348dae4302d9a7c865d58dce7a064616164667ee56b5f6907338e26 69ad12a00d9b1ae134dab7a0fe0b29df07fd6ee66f4cc6534b5b725e7e3b76a3b85d1dffdb880c891c8444f0d682fae6
SERVER_HANDSHAKE_TRAFFIC_SECRET 5a6f957c995b2df51d8e5097032dc2dd23341fdee35f3d8d26f44834dfe6514d 45492992c23a86b21e0852a9d38c90fa027af6c0914303bc931ea460b91138812c467bffc117309c302128a48bccd1d3
EXPORTER_SECRET 5a6f957c995b2df51d8e5097032dc2dd23341fdee35f3d8d26f44834dfe6514d d2f58822042bb755c49f95129935f84963277bee9f784962a911a940dbfcce254be8fdaf92a8abb6af519b842711ec07
SERVER_TRAFFIC_SECRET_0 5a6f957c995b2df51d8e5097032dc2dd23341fdee35f3d8d26f44834dfe6514d ff0df7aa6675fdef862e921b8b33fc10463491e2474486926302963cabae60f3ef6f8bcbe83237db0323b50614ffa922
CLIENT_HANDSHAKE_TRAFFIC_SECRET 5a6f957c995b2df51d8e5097032dc2dd23341fdee35f3d8d26f44834dfe6514d eaae014f73098aaa72759c485b845ae393053c4e157a0b26d14e6164d4ce4371eb3f0b8c2271fc4c3d37f56cc41d853d
CLIENT_TRAFFIC_SECRET_0 5a6f957c995b2df51d8e5097032dc2dd23341fdee35f3d8d26f44834dfe6514d 9f2742b50e444a9dc1e6e8a57ddaa5efef87045ed3677e17df5bbfe7a5c165537f4db9fb7218b55f4f659138af5ddbe6
SERVER_HANDSHAKE_TRAFFIC_SECRET 63f1c4c4938f5ff1615d6259baec6fd4851652958e045593ad42ae7286d55fe4 7b171fdd7d45a897de545f828fd1e5dc0727e6e32b98a6626ae14bedf0e24845895ee56af455e73867184bebd147c6ed
EXPORTER_SECRET 63f1c4c4938f5ff1615d6259baec6fd4851652958e045593ad42ae7286d55fe4 42c04fe789c12524a72e3ffdec1461654acc9b1f79feb760433dfb9f5f2247f6fdf7f5b4182eef660578bda4c4f96380
SERVER_TRAFFIC_SECRET_0 63f1c4c4938f5ff1615d6259baec6fd4851652958e045593ad42ae7286d55fe4 72e2c01758c723c4c585124e67c15e0a3cc4cb8e14963f73501f298e8643dc96e1024874a6eacab5f19d8af802293086
CLIENT_HANDSHAKE_TRAFFIC_SECRET 63f1c4c4938f5ff1615d6259baec6fd4851652958e045593ad42ae7286d55fe4 04a7143a783dbf09305ab014201c93a7fba74a0b563d0a631c8117e972fc6e990555e220290962308637ecd3335bdee1
CLIENT_TRAFFIC_SECRET_0 63f1c4c4938f5ff1615d6259baec6fd4851652958e045593ad42ae7286d55fe4 1b54a840f04e068c4ffed4f3e5b3b7715515b5c6e99e6ad1fa93140a1142f280bc5a9889cd7ad29ad5e45d28bd597bf1
SERVER_HANDSHAKE_TRAFFIC_SECRET fef6f48a2b3772550cde8254c0f0196ad3528a6d04193a2c3c8094b08a1d9a64 b9382a14ab9ad11feb5b4334523ee8bccf86189431b500a75df29953db7bd76b6cf2806dc4d56d131aeb5d67e5d88b6e
EXPORTER_SECRET fef6f48a2b3772550cde8254c0f0196ad3528a6d04193a2c3c8094b08a1d9a64 cd372ab6ec61df72d3b75270d4ff78568f96c9b6853859fb496611f0bf370afaf55bc5d0bac7a465a6b4837b0d3e965a
SERVER_TRAFFIC_SECRET_0 fef6f48a2b3772550cde8254c0f0196ad3528a6d04193a2c3c8094b08a1d9a64 f0c09e4e7371aff28830e7567ea6a8ae2a6c0729783ffc77206bb49866eda2390f7d08a0736e02fb882ac8a9688ce75d
CLIENT_HANDSHAKE_TRAFFIC_SECRET fef6f48a2b3772550cde8254c0f0196ad3528a6d04193a2c3c8094b08a1d9a64 b94ec67a98fa7af15062c9b7a6d04253f4ccd16544c19187e4ac5437ddc3ec6104222d36aad170471609cc9093b2c927
CLIENT_TRAFFIC_SECRET_0 fef6f48a2b3772550cde8254c0f0196ad3528a6d04193a2c3c8094b08a1d9a64 ffa6504fc2c7b407efc661e5678adb7d6fd65c05fc45680f1d78019617b01cea565022028fb641ae50f92c1313a09594
SERVER_HANDSHAKE_TRAFFIC_SECRET 258a3b121e6d04b87f9cdc074289dfccb35f86e02ee252b65bd97bafecf456ac c623e8c8f8d9d2aad409e3d43b7c2f88d36108d20f5f275db7c2aceac4c3375262dfa9c7e7474d91a002bd6a6b8336b3
EXPORTER_SECRET 258a3b121e6d04b87f9cdc074289dfccb35f86e02ee252b65bd97bafecf456ac a5dbb81eedd8950db8b7d8c446fcac014ce944cd6918581dbe2c93ada74e9120a61c264b74549d753c95607e917f7968
SERVER_TRAFFIC_SECRET_0 258a3b121e6d04b87f9cdc074289dfccb35f86e02ee252b65bd97bafecf456ac ed62e70f6f4f400520d908a4025d1000ce06487b54b065ba721299f5c81c983c1b6bd302f6be56b38af437076a94f473
CLIENT_HANDSHAKE_TRAFFIC_SECRET 258a3b121e6d04b87f9cdc074289dfccb35f86e02ee252b65bd97bafecf456ac 95be089ba900cb57f8ada0d68b3fd763c31b0f9462ef34535469c6ae3a55716732f4cbf69d5c4886698fe05184d013c6
CLIENT_TRAFFIC_SECRET_0 258a3b121e6d04b87f9cdc074289dfccb35f86e02ee252b65bd97bafecf456ac f9743d9aca43820e9f72579ffbd900026a5e4c18f1c76dfd7d91407b2a60378526d50cde739bfca710cb2afadae6913a
SERVER_HANDSHAKE_TRAFFIC_SECRET a49e867c83d4fb9119f694c467d043a8cd245363988a6a7e76d36cf0104bd8b3 83edb5071c84302ff1b7ea3e0a2327e8dd15470a0950923f50b3f5578e1b9a695a5d293076a1a34af30c1354fa6f6fad
EXPORTER_SECRET a49e867c83d4fb9119f694c467d043a8cd245363988a6a7e76d36cf0104bd8b3 4ea75f5a8c92800e24c5a3fefb36f1cf1031688dfd115ca74fde018e864bbeda0637ac996acbf0243a9b6c34d2d52cac
SERVER_TRAFFIC_SECRET_0 a49e867c83d4fb9119f694c467d043a8cd245363988a6a7e76d36cf0104bd8b3 b2e9b94563d828f71b34a3e1cfe844cde0390a2019cb6604e5432b3f39ee8a1e8c10ed6023363ccb3a425851290aec8b
CLIENT_HANDSHAKE_TRAFFIC_SECRET a49e867c83d4fb9119f694c467d043a8cd245363988a6a7e76d36cf0104bd8b3 38a02dffe27027406c64e3eeb3d17f9d21f6b7161eafd6dab547276fd20123809c6ca3364e689a0681ffcdb7a53fa2db
CLIENT_TRAFFIC_SECRET_0 a49e867c83d4fb9119f694c467d043a8cd245363988a6a7e76d36cf0104bd8b3 f1c26142b8251c5122135328047c71da3005ceffe0b271d2c227de49d769a3b12185d87b32d10661a3dd0b95eea16ddc
SERVER_HANDSHAKE_TRAFFIC_SECRET eada42d3b437455f26dfd639f120bcf9f482b8a4127c6d54e6ee4ba7bc9b300b e8d69221b9b874f83c472c307dee98784851e22e22a3180ae9e0837336d332f046a679b7b5070c1800edfab68cdd0f53
EXPORTER_SECRET eada42d3b437455f26dfd639f120bcf9f482b8a4127c6d54e6ee4ba7bc9b300b 6f0c78df7837f744904ac0e523ab6dfeccf01688ecd3ef65e8221a2ee4daac0d489dda2e20503aafaeb81510b39615d6
SERVER_TRAFFIC_SECRET_0 eada42d3b437455f26dfd639f120bcf9f482b8a4127c6d54e6ee4ba7bc9b300b 065ad3620319cbfe455165108cea5eaa579341bedd4188a1fac35cf3a60f281ec24a3aecb8ec5be59a16df9dbea3fc50
CLIENT_HANDSHAKE_TRAFFIC_SECRET eada42d3b437455f26dfd639f120bcf9f482b8a4127c6d54e6ee4ba7bc9b300b b65cb7be2a3a31f4bf09b09dbe04dcc63f3bc9ea00a0b323ad32bbd8aac4328bdca17b9861502aeb5767ca83dc27c802
CLIENT_TRAFFIC_SECRET_0 eada42d3b437455f26dfd639f120bcf9f482b8a4127c6d54e6ee4ba7bc9b300b 8a2455dfa231981413518b8eb18f1c0c1284726de8349e879aee31a3e1fac04f6c45a7299a2325cd7047765e760bc939
SERVER_HANDSHAKE_TRAFFIC_SECRET 7452555509a177028440e926130709e268626e630056573c426d8f120243c80e e15cf3622e0e19436d8f6d4650b2820bdf95e0cfeed9b833d26bb064201bd1489cabb431bc22ee23228eda11106e9158
EXPORTER_SECRET 7452555509a177028440e926130709e268626e630056573c426d8f120243c80e e7a4100ade8d661143a126d2870fe8ccb6e14faeed8180ea8d4aac80fcc1aaa3f0de5aa1061c0cf1e6eab2517233ec64
SERVER_TRAFFIC_SECRET_0 7452555509a177028440e926130709e268626e630056573c426d8f120243c80e fc19ae1d4106a0dd4669f1ad47a0915a20a88808d42e33cef10d03a30a7097815e65560b0891ecea695b2023966da3f1
CLIENT_HANDSHAKE_TRAFFIC_SECRET 7452555509a177028440e926130709e268626e630056573c426d8f120243c80e e48d1f4e6855136541adfb01ffee35df5af3e8d4c81d30be0c46588c5bf6bf2d677d62006fb84039fe95e7c3adae1ec0
CLIENT_TRAFFIC_SECRET_0 7452555509a177028440e926130709e268626e630056573c426d8f120243c80e 3926bad25bffb1b20de3830903ecbbb5386edba28dbd7cb2b5db317a119b110f02b2b179783bc30c7715e27cc4a8ce6d
SERVER_HANDSHAKE_TRAFFIC_SECRET cd0b15cbfdac6b3ff2e6e6895c0f9182835456006f25968b81da4c167d328257 b11d098083040005026ef0760c46307cc0c38a00d6eac2affada76695f44079b3f1fd808aa967a479776eb00fff2c249
EXPORTER_SECRET cd0b15cbfdac6b3ff2e6e6895c0f9182835456006f25968b81da4c167d328257 8b885f7c319f7a7faeca86b114a0b584c2802e8e457fe2188ac01401449f751fa0f67c0e70b68adc5d17d8a67af742d6
SERVER_TRAFFIC_SECRET_0 cd0b15cbfdac6b3ff2e6e6895c0f9182835456006f25968b81da4c167d328257 7fd31b57567eba6c06b39a479270590616afb4d64d7eacbb84ee7459d69794fe43b67bcd08914815a970296b17f6052a
CLIENT_HANDSHAKE_TRAFFIC_SECRET cd0b15cbfdac6b3ff2e6e6895c0f9182835456006f25968b81da4c167d328257 3618eb344b07ee2236787c180597ad4000a8c33496800b6dadd1dc90b14fe940a4ae3109ad9ef2548fb7dcbfad6b4889
CLIENT_TRAFFIC_SECRET_0 cd0b15cbfdac6b3ff2e6e6895c0f9182835456006f25968b81da4c167d328257 af32e70f9cfad2f9f1d30e286a11a748c29a5ecc6b83f91f59cf0d2341b755b6aae91a529baaa217628ce47e037d7486
SERVER_HANDSHAKE_TRAFFIC_SECRET 6e7c9f512af31078bf5b99e4d4fae3ff1dbecd3402fba07e28607e73f4adf9a9 beb0ad18d9a76479ee6034ff1454ff7f709fc14a3c80899777ee7b84894fab77ac42acdd46b7c40f5766589feb488500
EXPORTER_SECRET 6e7c9f512af31078bf5b99e4d4fae3ff1dbecd3402fba07e28607e73f4adf9a9 370eb36afe1ae1e0d93145ffbf800289c54319109c711583f9678c9a740c259903623c0d55c406ef677f56b24649ff70
SERVER_TRAFFIC_SECRET_0 6e7c9f512af31078bf5b99e4d4fae3ff1dbecd3402fba07e28607e73f4adf9a9 3545854273d59fdc3e66e0552883fc6468cf1bcdb11a87ad8baeb32243eebd3dfecf74a157e1e14bd2c922fcb7c1656f
CLIENT_HANDSHAKE_TRAFFIC_SECRET 6e7c9f512af31078bf5b99e4d4fae3ff1dbecd3402fba07e28607e73f4adf9a9 473069ef5bdf7ee2b3b389d93526927163c6613b4b24f328b434b70735b6bd155b246be54871d0cf544b6def6ba12899
CLIENT_TRAFFIC_SECRET_0 6e7c9f512af31078bf5b99e4d4fae3ff1dbecd3402fba07e28607e73f4adf9a9 10e3a23d54dd5a35c3e91a4c15d2b266fa4ac9f31e6b7d4bf4f9788ef64dd1537dc7694e45d9aacb391380da03d54135
SERVER_HANDSHAKE_TRAFFIC_SECRET c811519fac8014a5ec91bdaa11bc0f64a2d137072ee35f67806687bb8fc9e723 ef6932f326ec36db676b104c6c55b8443f2383d425704a36a31b1cbd21c3116757d970fcac6d21059a4f71eb296662f2
EXPORTER_SECRET c811519fac8014a5ec91bdaa11bc0f64a2d137072ee35f67806687bb8fc9e723 8c0e770dbd9cee9a974cb2f617f66e137255bd0d2b58f658563433699a7481fa4117faf372a971ef045fb46155e5494b
SERVER_TRAFFIC_SECRET_0 c811519fac8014a5ec91bdaa11bc0f64a2d137072ee35f67806687bb8fc9e723 d4f8fa29e79583a6f3b586d959725ba70f7fdcb8da8431d968281c1f80b64708856f3e6dac7c7749346ba485f8a6235a
CLIENT_HANDSHAKE_TRAFFIC_SECRET c811519fac8014a5ec91bdaa11bc0f64a2d137072ee35f67806687bb8fc9e723 aa2dbf817d1bd318573c0fc89d843f5ca3f283dc6386a0057bfa8f0d4d4355175b4f7284faae513de65bf6b19f018d00
CLIENT_TRAFFIC_SECRET_0 c811519fac8014a5ec91bdaa11bc0f64a2d137072ee35f67806687bb8fc9e723 78866ae8dcf67025f3b1d50a8d7e8a549c046ecc1636864e0daa6bce30cf0a09657a12f87219e23a0ed74910d3be2be2
SERVER_HANDSHAKE_TRAFFIC_SECRET 6f391817f634d82bc2849783bf904ced93413ffe3d67658da8631b6664218242 e99a40f81130a8057dbe8bbb135211c572a598cc199880537e0b414ec1874d5ba48d0de2910cd6b26189cc9e92668117
EXPORTER_SECRET 6f391817f634d82bc2849783bf904ced93413ffe3d67658da8631b6664218242 d621c6613b7f6b41d0a6b36cca41a3b0f33ba20c00d2fbaed9476b3e265d63f9a02e48de032de4ca3e6c109c6aedb0ab
SERVER_TRAFFIC_SECRET_0 6f391817f634d82bc2849783bf904ced93413ffe3d67658da8631b6664218242 4cf5c074a86d71915af98383856a06903837d1f00981f054dac6ef97774cec006cd3da3b6325f46721dda585dde4325c
CLIENT_HANDSHAKE_TRAFFIC_SECRET 6f391817f634d82bc2849783bf904ced93413ffe3d67658da8631b6664218242 11bf8635f7fa4ce119e68ab5b9d116febc5655618ffa5a831aa0765e1762745cfce26a8e41f4c69e94e5ac2c5c428d6c
CLIENT_TRAFFIC_SECRET_0 6f391817f634d82bc2849783bf904ced93413ffe3d67658da8631b6664218242 d7bf9e63cc1dae3be08ba9f0f5f64676f103f009b72dbf9fa949fa8e0757c4433941fd7a61ea7e2c19262583571e10af
SERVER_HANDSHAKE_TRAFFIC_SECRET cd8bd251c09d3c3070420e8ebb42116483be535552bc98f04ca578d63809a451 2aa328f1291c16933b9c6596accb6abf4bccf814c20df89831780eb313e4dae8508c4a73170cfd31375cfd6607f40005
EXPORTER_SECRET cd8bd251c09d3c3070420e8ebb42116483be535552bc98f04ca578d63809a451 8b809b05f250a54d8d13a76323be6e5303be88d1a2f5bfa35e72e6480a6a9d9f03a64fe0340516e8566caf0555cc5b83
SERVER_TRAFFIC_SECRET_0 cd8bd251c09d3c3070420e8ebb42116483be535552bc98f04ca578d63809a451 b9c2c312ea6c4c65ab419a83ccd86f68a0d4ff05491560f437dc1df23cb8158da22694da18038ededb57c35e6e668594
CLIENT_HANDSHAKE_TRAFFIC_SECRET cd8bd251c09d3c3070420e8ebb42116483be535552bc98f04ca578d63809a451 1f66ceb455d57a354a01beae7c237094c1156deefd7e03c24ee835db224f0def93cae3125a3276565b3af7966e164abe
CLIENT_TRAFFIC_SECRET_0 cd8bd251c09d3c3070420e8ebb42116483be535552bc98f04ca578d63809a451 1f1bbb996b8d2cc8986cfc9e0bf26945cc29e52693a8a0710a1665aa7826ac01d84a2f8e85be12c3400b861f132119e1
SERVER_HANDSHAKE_TRAFFIC_SECRET 83199a9437cc9ca0f92a04acd89b2b502c5d120cd7fe9948540a7116d491fc62 e0222d1f72faead6298aa60ec01417327d095c3356d536ba8ca0e73554be94a792f3a63afad95fac061ba9e28adda92e
EXPORTER_SECRET 83199a9437cc9ca0f92a04acd89b2b502c5d120cd7fe9948540a7116d491fc62 371ae07f310313addabeb4546caf8947fb29db86606c67090c26c2f838f19971e79382136163bd9227de95f87cc42035
SERVER_TRAFFIC_SECRET_0 83199a9437cc9ca0f92a04acd89b2b502c5d120cd7fe9948540a7116d491fc62 b5a658093adc85d2d82694f1d4e3a35cc4f367f6573c51b3107b2b836ec9dec92643a4e44b79f68ef4dc9ec40c113b48
CLIENT_HANDSHAKE_TRAFFIC_SECRET 83199a9437cc9ca0f92a04acd89b2b502c5d120cd7fe9948540a7116d491fc62 a986884b0113d31843d93beccd933e4cb69d39b0f5f6cef0ac6946bfab9fc49401cfde16ebe336b291bcadff0db18688
CLIENT_TRAFFIC_SECRET_0 83199a9437cc9ca0f92a04acd89b2b502c5d120cd7fe9948540a7116d491fc62 b897cc717cfa36a98e96dbd39af7c44ee00d0a7cda0fd756b9dd415e27e039a0c20a1542c4184b0f596fdd4f7b0c2935
SERVER_HANDSHAKE_TRAFFIC_SECRET 0e4e314e9f8ea361a1d7bcef4f57ce7c64f22e5f74f20b2d8d6c2e322c8d89c6 2be43b6de2a851af4ad6838db390efd31537fbbc0f5cb7d5a6fe3b926902218e2981b8a8c82ae3e7ee2676e1ddef1ff0
EXPORTER_SECRET 0e4e314e9f8ea361a1d7bcef4f57ce7c64f22e5f74f20b2d8d6c2e322c8d89c6 5fcd4055cfbf0c7d62ab52d81c99214a24c6453988ca1ed31314d138c7ae7ee902b47d30d6529cdb831a439af6d59394
SERVER_TRAFFIC_SECRET_0 0e4e314e9f8ea361a1d7bcef4f57ce7c64f22e5f74f20b2d8d6c2e322c8d89c6 36bdadf2b25048139de2a9cce1a69d5e95b5c0c620abb081d37deadeaae023464fdcfa60df27dfaefaccdd4444c38947
CLIENT_HANDSHAKE_TRAFFIC_SECRET 0e4e314e9f8ea361a1d7bcef4f57ce7c64f22e5f74f20b2d8d6c2e322c8d89c6 98b94ce5171d29624854ca48da193f6003438263880382c68964eb399ac4844e22eb4a8bb875899c2eebf3159d122716
CLIENT_TRAFFIC_SECRET_0 0e4e314e9f8ea361a1d7bcef4f57ce7c64f22e5f74f20b2d8d6c2e322c8d89c6 b659da79d3776d7374a4369c334eb43482618c3ad454a0f539b0fa4fab0b7dc31014018c75cd449fa54b1d879dc7bf43
SERVER_HANDSHAKE_TRAFFIC_SECRET 98eeba32c42fed75573de726d65078d6ae7c3e5903cc7a4128ec68ab663afadb aa7ed74c0544c5669dfe1aa321f802b60ba2fe512975285f0fe120d7356871f0c2adce243c9ff2677bfc33d71c84076b
EXPORTER_SECRET 98eeba32c42fed75573de726d65078d6ae7c3e5903cc7a4128ec68ab663afadb 87fc23acda6e4aca6f595d13af3a000ac221bbd53e7874e67c11e56b033b0970d4c02f60f487eaf61d17458db4a6fac0
SERVER_TRAFFIC_SECRET_0 98eeba32c42fed75573de726d65078d6ae7c3e5903cc7a4128ec68ab663afadb 5b5b98c3e3f6dfcecb61574b7cfb700b3aab045325812e03935a159a73dd13e4d99d29f6cee29235e614b53039e7172f
CLIENT_HANDSHAKE_TRAFFIC_SECRET 98eeba32c42fed75573de726d65078d6ae7c3e5903cc7a4128ec68ab663afadb 4c4a033022cf23acca005bec9f5c4a4f5ef3701978133b4e2872b1353d8f43b680703c039b29ea5f6a305ec990c4a478
CLIENT_TRAFFIC_SECRET_0 98eeba32c42fed75573de726d65078d6ae7c3e5903cc7a4128ec68ab663afadb 891b02cd2e7a1f9efc2c3819f70c3cb549041852696f90d0388810b992a6b97277ceb0539f5c3c86f32c29998bddb706
SERVER_HANDSHAKE_TRAFFIC_SECRET 559f480aa8899a3978a0a3b57af4a1596890cd3e7e41ba0c248d0b190eb2cf1e 43367390dc98438b5c9ff8c68ea7e2cda76fd29b4b7b90555fa9fb8de49ca6d0caa4d9b1c6ad7e3b1ac23218e237d9f5
EXPORTER_SECRET 559f480aa8899a3978a0a3b57af4a1596890cd3e7e41ba0c248d0b190eb2cf1e 9561888433fd63b2e5ee627eae7b57e95dcea4a7d068b62592002f68ff5cdfe018e7b373c69045cfee716bd5d98bede2
SERVER_TRAFFIC_SECRET_0 559f480aa8899a3978a0a3b57af4a1596890cd3e7e41ba0c248d0b190eb2cf1e c2f468b85d8e59510834fbe23596d96ee4c746a1f6f1b68e9104466c372ac6921bf0ee0e0eb6c93fa3a98dfc027eabef
CLIENT_HANDSHAKE_TRAFFIC_SECRET 559f480aa8899a3978a0a3b57af4a1596890cd3e7e41ba0c248d0b190eb2cf1e d99817c6d63d7dacd8db7d8c91635903d7396f6501a23c9e9be501e70f8f40afaeb1f57ad7d27f300a7f19949e886b59
CLIENT_TRAFFIC_SECRET_0 559f480aa8899a3978a0a3b57af4a1596890cd3e7e41ba0c248d0b190eb2cf1e 788079bb59ef1558de05cbfb18e11dd4d8a2e6748f983faf6fba0993352777936bdd57e6a5948859827e5a1c9dbad8c3
SERVER_HANDSHAKE_TRAFFIC_SECRET 8d2647399d4cdb5ab372d8cf8ceeecf67287cc07470a9215b0834ebd1e175583 c56578768e93a41260202131963cb585d618ea034d46f705ff8726da3c5254a133ad5deaa167ee955ae3fbbd858286d4
EXPORTER_SECRET 8d2647399d4cdb5ab372d8cf8ceeecf67287cc07470a9215b0834ebd1e175583 97d2d599c70706871c7dfa700d7f2551357da390a2a8771c1544283c35df7acdaa393f1fe48f7a918c6c4c867adcd9eb
SERVER_TRAFFIC_SECRET_0 8d2647399d4cdb5ab372d8cf8ceeecf67287cc07470a9215b0834ebd1e175583 b48c665b49abccfbe1522a0b1d980ab64bc57eb0b3ea6b110e8c2a942e35cfd045472f1a62d31a1f2f8398e8afa52e79
CLIENT_HANDSHAKE_TRAFFIC_SECRET 8d2647399d4cdb5ab372d8cf8ceeecf67287cc07470a9215b0834ebd1e175583 93b76256322f941f76df3074b9d6872dd0554f0af4a47b0c0b38ba1bebb91ddaaed44112cb9f5be7ab56e1dfd6a59441
CLIENT_TRAFFIC_SECRET_0 8d2647399d4cdb5ab372d8cf8ceeecf67287cc07470a9215b0834ebd1e175583 8713f4764b6a85463edf713e405d176369dada0bccad9fa5bba37ffa78d5570a2b13eeed361551b4bdeab932bad6ce9c
SERVER_HANDSHAKE_TRAFFIC_SECRET df149fbbbd2a55d1f2e890e5622239e9370ca8975342fb647ec2baddfafd61b6 ffc012c7b8b31dc75f8941fa16507145b5084a83a61aaeb7caeae1041d298bfb8c6bd365437c2087b1fde9231bb7ef71
EXPORTER_SECRET df149fbbbd2a55d1f2e890e5622239e9370ca8975342fb647ec2baddfafd61b6 1e233685dbcbe7ee4a3c03837d19700d7e28e5743547c1884b4ecf8984a2689c5f328d31186593ee4826518c7b75f73e
SERVER_TRAFFIC_SECRET_0 df149fbbbd2a55d1f2e890e5622239e9370ca8975342fb647ec2baddfafd61b6 f841acdb3b0eccd8a20d64cb94ddf3ccd1576564264f73f791d89b837ed75c9136c563c919066a0ed17748c8395e9457
CLIENT_HANDSHAKE_TRAFFIC_SECRET df149fbbbd2a55d1f2e890e5622239e9370ca8975342fb647ec2baddfafd61b6 917b68d6c6c7c01b4d258ef9395c71c6629fbc01d44ae01139879683b5affabc3f62e04aab27fea16bcf45c0be165558
CLIENT_TRAFFIC_SECRET_0 df149fbbbd2a55d1f2e890e5622239e9370ca8975342fb647ec2baddfafd61b6 57ef91577408c5f76c12985b86b396f97681c2dae79674f8f8f2ce7628dd0febdeeabaf07597a2aefa26814c7c533b60
SERVER_HANDSHAKE_TRAFFIC_SECRET 01fc3eb8b584c81b0af2c32aa288c95b4d539e270ff1e7a51288eb3203d122e1 fbedb991458831406d6e89fcd9b57eab050a14c07cbec62591f74466a767549127d73fd6de67efa72734f0d44e2210d4
EXPORTER_SECRET 01fc3eb8b584c81b0af2c32aa288c95b4d539e270ff1e7a51288eb3203d122e1 75fb2c85976c4ba6f8440bea7981cdabd6d7f5c7b01afd50c0f1e9d4c3531b9ba1e5c3d8a75e7f8aaa3ed6fd0f9a6dd1
SERVER_TRAFFIC_SECRET_0 01fc3eb8b584c81b0af2c32aa288c95b4d539e270ff1e7a51288eb3203d122e1 2e4356d4e6a021c2224c02b06fc03e139fa482ee65f09b5c3cc1f89969a027a758dc11b7ec8bdb5a839f08f2a076cbb3
CLIENT_HANDSHAKE_TRAFFIC_SECRET 01fc3eb8b584c81b0af2c32aa288c95b4d539e270ff1e7a51288eb3203d122e1 95c7e1d7ccb9bf39912e277aadd6ddb4d17f3b7121e65bab3a237b3a213c668955c235656f2abcd199ae9b84ba0adb1c
CLIENT_TRAFFIC_SECRET_0 01fc3eb8b584c81b0af2c32aa288c95b4d539e270ff1e7a51288eb3203d122e1 bd46217a5ab268b2026c4cc440ed86c2580d56bb3f5274e9a84d84f8ed984de8fb34c006ad6e24dee2bed5a4238a972a
SERVER_HANDSHAKE_TRAFFIC_SECRET 715ab53de91b89b4192a267f740ba395ca4b156688bad12520d2efd9fe27cad9 4992b7cff1abc2cfb6eccd2fd13c6583b91a57f92b747640ea56e4e352716b9b532969755f62a1ea2bf4ec3252e80c8d
EXPORTER_SECRET 715ab53de91b89b4192a267f740ba395ca4b156688bad12520d2efd9fe27cad9 ab542d50b6f59e97eaeccd3c7e4f73c822a142977e876db2ff3b687724dfc6084413f0aac9ae71d9cf437856420afaba
SERVER_TRAFFIC_SECRET_0 715ab53de91b89b4192a267f740ba395ca4b156688bad12520d2efd9fe27cad9 bd506c4d51680bc19fefcb95a1fa9b032f858b277879919164b09c9ad0552714d4b7005318dc6c774a23a93ad6b1bcbc
CLIENT_HANDSHAKE_TRAFFIC_SECRET 715ab53de91b89b4192a267f740ba395ca4b156688bad12520d2efd9fe27cad9 410e591cf43cd6d90af8b287518a739020f327f7c1c9a6471b1c628ca25197099ed3ce017ffac5ba744185299940c1c3
CLIENT_TRAFFIC_SECRET_0 715ab53de91b89b4192a267f740ba395ca4b156688bad12520d2efd9fe27cad9 3ffa463200da95eeae51f3c05463cc007451a440ed45472513cbacdf080d3a5052b274105a8aae644783424d4044b15c
SERVER_HANDSHAKE_TRAFFIC_SECRET 6534d9992c5377cd66d3cf7d7d15a8dedb46a97641d3cbadd83dd85da74c94b0 bc4b6079f50c8dd7502ae9eba3f173350197992dcdcb6bda1d8fdf081763cf8dfbb6c773365763da8330e738753b9c71
EXPORTER_SECRET 6534d9992c5377cd66d3cf7d7d15a8dedb46a97641d3cbadd83dd85da74c94b0 66bfdfe9f87cc2c3b409b092f3b5672ca8b5b5db3a3c776397e2e2961fc74da9e7c558e5dd16cb4a03a322621a74458e
SERVER_TRAFFIC_SECRET_0 6534d9992c5377cd66d3cf7d7d15a8dedb46a97641d3cbadd83dd85da74c94b0 1a98c211465a4d7f857fed02767ec32d8fac754d048a16852bd56c9eaa1406650e34a861ca3345922243d99bba3c5ed1
CLIENT_HANDSHAKE_TRAFFIC_SECRET 6534d9992c5377cd66d3cf7d7d15a8dedb46a97641d3cbadd83dd85da74c94b0 a9c914007a5fdb17873bcab81abd5d38b79ba9bfc38997a9895a7d97f54ba2d78f8108af210842f37fa8689620ae013b
CLIENT_TRAFFIC_SECRET_0 6534d9992c5377cd66d3cf7d7d15a8dedb46a97641d3cbadd83dd85da74c94b0 b4096ff775a8ba830cb09a593b304d6cfcd312b0706d6ce24e29b005fdf87baac7d12200271b80de60000c066b0ea05f
SERVER_HANDSHAKE_TRAFFIC_SECRET 54238f06a7a498a618c1ad7b204e8609da6d40be3dc2cc0b7c30b65445ae86d9 db381ba6ea728a1d20ec11b19f8c0eb1a3ad7a1d20da0811bb55e0484b6917122d455695d856080b863c401e180681e7
EXPORTER_SECRET 54238f06a7a498a618c1ad7b204e8609da6d40be3dc2cc0b7c30b65445ae86d9 1b5a24ba9b7437bbbdf757daf902d07eb018427817c092326cad4ec73a878fa729bcaf774f6125bdacf8fe8860562e38
SERVER_TRAFFIC_SECRET_0 54238f06a7a498a618c1ad7b204e8609da6d40be3dc2cc0b7c30b65445ae86d9 3f095fcd78421e751df887c5bad4e411cdce2a5384847406b3a075e6ad2042edcf70ffaa9dcc76f5fdb8c41df7b6cc87
CLIENT_HANDSHAKE_TRAFFIC_SECRET 54238f06a7a498a618c1ad7b204e8609da6d40be3dc2cc0b7c30b65445ae86d9 b3799c9b3de5815fc4d5690a673f00155559558399886c1805f6afc0ffc5038d50f307990a59909fe81d846e5ca3cbfb
CLIENT_TRAFFIC_SECRET_0 54238f06a7a498a618c1ad7b204e8609da6d40be3dc2cc0b7c30b65445ae86d9 38f2964555fe41954d8537684b59820100e4900a90fa280e7acc45d658ceb8669a98bb1f8937119550217dc91080b4ae
SERVER_HANDSHAKE_TRAFFIC_SECRET 1dc2166fd85028ad04a9383e1bd767021f30091af44717795c79e84c6e730b43 b2e30c7c14b354e57233181c9637a166cd82a89fab777bbab37deabb681b9f0b382fc8587b0efdf6d42637c2f9ac3ef8
EXPORTER_SECRET 1dc2166fd85028ad04a9383e1bd767021f30091af44717795c79e84c6e730b43 c81dfdf31f7e0b13bba9e1c867a457e4e7056ee30ce7530c74ffcfb83834fedff10cba678c734e3389c4ad95e3be93cc
SERVER_TRAFFIC_SECRET_0 1dc2166fd85028ad04a9383e1bd767021f30091af44717795c79e84c6e730b43 f2ac24a2cad678c675fb85f7e8dd85500450f1d499a9794469eaf6d783d7af00db1b7901d08dcb35e7ceb74012a9b52c
CLIENT_HANDSHAKE_TRAFFIC_SECRET 1dc2166fd85028ad04a9383e1bd767021f30091af44717795c79e84c6e730b43 45aaaabe3111ad10105460351a8d39a93fbab1cf48d9aae77fd1c7cc5c299b8320910ae04903f17dc633699b4f6e00d0
CLIENT_TRAFFIC_SECRET_0 1dc2166fd85028ad04a9383e1bd767021f30091af44717795c79e84c6e730b43 852a443a96d1899a785c2b0647ead8ccd88ca5cadd0bca323af3f63cb7ac42cf1eba6c4ab76cbcfbb0e5b4f1bdff1be9
SERVER_HANDSHAKE_TRAFFIC_SECRET ef7ce70520064f53a662cd5afc64e3680d72257178fca2b978d9e6159554a352 abcf37e2c1f072e15e6965b75025916f33b4c26550e255751e0fe66634a933afa9b79b3f33731a67bfc47d8459225396
EXPORTER_SECRET ef7ce70520064f53a662cd5afc64e3680d72257178fca2b978d9e6159554a352 90ddc585178d198f12b34d810bd82cb37add0ca3f471c3b835a77af474c674809437694c5d2159eee6f277034fb68e2e
SERVER_TRAFFIC_SECRET_0 ef7ce70520064f53a662cd5afc64e3680d72257178fca2b978d9e6159554a352 5db011798156bed977257e159b8b6113f829ac8d65343e3a758a3b69c98daea0abc359071b531a6afa8c2f92c5cd1fa4
CLIENT_HANDSHAKE_TRAFFIC_SECRET ef7ce70520064f53a662cd5afc64e3680d72257178fca2b978d9e6159554a352 84aabbeaa1d0eb5cc9406736edef44e2067a07f70bbf7909848fb6d0f9d68aeb3978705f5ccf5676325fd89854ed04ae
CLIENT_TRAFFIC_SECRET_0 ef7ce70520064f53a662cd5afc64e3680d72257178fca2b978d9e6159554a352 07db16ae562409e4c5e4703d2b5846b758186cf387bd016f7abe24b09bbc280a9f83c197b881d3f95e40eb1a0862e0ea
SERVER_HANDSHAKE_TRAFFIC_SECRET 2c82f1521b32381355c01a0466fffabe0c813580789225d660bafc77c9473a4b 7daa3793cdd736ebe795995f8a455b6e549214251cf6f81df0d88f8aa1d40abd20086f170203bd32d07e0a95f3ca78d4
EXPORTER_SECRET 2c82f1521b32381355c01a0466fffabe0c813580789225d660bafc77c9473a4b 37ebb446b196ac70521b41dc496c4597f0f3a2b1424dd34d39006b6e16fde817902e9c5cd5188b649e7ba31b4ea024b7
SERVER_TRAFFIC_SECRET_0 2c82f1521b32381355c01a0466fffabe0c813580789225d660bafc77c9473a4b ae2a372359e5a039406bc82536c5b20d5456ca35f901ee537c7665bdbe0efe6faa389b2154feffb8d39b8ed0d11fffb3
CLIENT_HANDSHAKE_TRAFFIC_SECRET 2c82f1521b32381355c01a0466fffabe0c813580789225d660bafc77c9473a4b 81aefbb26b10db1c1dc7d5b7a5d695f4db1fd58a6831dd19e4b1d75999a60631398551630cfc7e72e2b6ec20d212f042
CLIENT_TRAFFIC_SECRET_0 2c82f1521b32381355c01a0466fffabe0c813580789225d660bafc77c9473a4b 7048faa4951a01afefcbd5fb17cc62b63e908fd7f33259bc4a902985b4ef49c87084f2ee411a3721250639c3c15446c2
SERVER_HANDSHAKE_TRAFFIC_SECRET ba4b7351a932b9784a38c572db52888f319760e8ed87e86fb049942eb7ebd80f 8aed07537ac5000c79490ce393d6624ebcaceeae63434832f6370529ee314991b27e2e375181e9c18bac76cc5b6d4f23
EXPORTER_SECRET ba4b7351a932b9784a38c572db52888f319760e8ed87e86fb049942eb7ebd80f f21aeda8d4a6f07fbc6f548e932b5c1f58e582ef282d39c75ea095eb55217866ff6133c6b2c366b7875f52545bb3c15d
SERVER_TRAFFIC_SECRET_0 ba4b7351a932b9784a38c572db52888f319760e8ed87e86fb049942eb7ebd80f c21578ef477954363327417d603b12d473b4de46b3f6be91057c955a914267b5b4d80ba6cf42d5407feed86878f1f064
CLIENT_HANDSHAKE_TRAFFIC_SECRET ba4b7351a932b9784a38c572db52888f319760e8ed87e86fb049942eb7ebd80f b66972d940ef06934a04a2b7db98aa3bea759be0c9010d5ae0a2593f5647a132cd66a393b596a4f18268da9931ff64e4
CLIENT_TRAFFIC_SECRET_0 ba4b7351a932b9784a38c572db52888f319760e8ed87e86fb049942eb7ebd80f 0acef89f1dff9ff74daba969c1d7f612ea5ae5349db6ca69704d8babae8b12c578d41e1ef341b0b12d23da09bbdc88c7
SERVER_HANDSHAKE_TRAFFIC_SECRET 7829a9691faca40b5c54199c0664cc86c5f153f298497a53fbe546762c526a07 ddf8945bf5efa368cda9e3dd6f8767df916319799e2f0eae359b610ea6bdeccdce79e49fa8e401ee34d99c7c70608d1d
EXPORTER_SECRET 7829a9691faca40b5c54199c0664cc86c5f153f298497a53fbe546762c526a07 cbdd08ab61884322c252280cbaa3410646fc9aee0c75402e24f6e7f4ac60bcae633b4404683faa054abb5097416afcfa
SERVER_TRAFFIC_SECRET_0 7829a9691faca40b5c54199c0664cc86c5f153f298497a53fbe546762c526a07 553ca61b99e915e100a3fe4b9cd118c7a4d0af1a5559ce495a8cdeb9dc33dcbc793986056611b7d51d66f79e33aa3bdb
CLIENT_HANDSHAKE_TRAFFIC_SECRET 7829a9691faca40b5c54199c0664cc86c5f153f298497a53fbe546762c526a07 14baecc151f655f37b52c755e6931ce84869cd7af378c02de9b656cafc2e993051634421631702b8839c5e033060b110
CLIENT_TRAFFIC_SECRET_0 7829a9691faca40b5c54199c0664cc86c5f153f298497a53fbe546762c526a07 a5ac17e989d57cb2933e2231b6843a769ba95a9b051ccc3562e3d44667a156ec659904bfc961beb5dbbe6d754673a0f0
SERVER_HANDSHAKE_TRAFFIC_SECRET a3b6162f2aeb1e64d1347a654c8b00972529a91893f049b180fe462b7cd365ce 13afc288acdc82b8398a7c4df586a037a1114fdc2023cd2b1297fd913a3469e8f8c136b4f908d8ab90267e0adaa0d990
EXPORTER_SECRET a3b6162f2aeb1e64d1347a654c8b00972529a91893f049b180fe462b7cd365ce abc3c3ad8616a7759def754c52452fb65272b6e8599b97feccffc7ffddd6f42d1322c6aafa74a4115a80c86d85acd5bf
SERVER_TRAFFIC_SECRET_0 a3b6162f2aeb1e64d1347a654c8b00972529a91893f049b180fe462b7cd365ce e0aaffe86545e3d2718bf7e344941992ede07d1be94923391f32b047da9fc975463fb316e8ee2126c9e2f920dc77bccb
CLIENT_HANDSHAKE_TRAFFIC_SECRET a3b6162f2aeb1e64d1347a654c8b00972529a91893f049b180fe462b7cd365ce 8349ccab23f7b585ec72ac929f1ca4a44a098d04ef6c74b6b1dfde163aaafbec34cb443405de6ac8c485fd5a838f1721
CLIENT_TRAFFIC_SECRET_0 a3b6162f2aeb1e64d1347a654c8b00972529a91893f049b180fe462b7cd365ce c6c34a8b3d320fcb8c85ae0e557d660d99d14b13e3289e6ffb8c3ea1dc6f51b23f9beacabd23b6af213a4be0608c8c06
SERVER_HANDSHAKE_TRAFFIC_SECRET 660311a71ff69f0fffd37bebfaf950ed97b4ed3820dd71de5c2692c7b43d94e9 7681766d953bb8eb8be14fd5cfa4a7fb0f07b479711d01c2e2e8fd112731e5d441d23e20a8928b241d4769509af704ac
EXPORTER_SECRET 660311a71ff69f0fffd37bebfaf950ed97b4ed3820dd71de5c2692c7b43d94e9 a4dd67c775ec4cb907a4ecebd8987f5ccd2de13764e4240124a8bc3d61ea43816bbee0a7f408c01737d39653779d8520
SERVER_TRAFFIC_SECRET_0 660311a71ff69f0fffd37bebfaf950ed97b4ed3820dd71de5c2692c7b43d94e9 2a1d390d8029372ce953974e44e4e022ac11c39a95dfac936a3c26e23569cc81dc5d9c01412d562f2202e692bca15e01
CLIENT_HANDSHAKE_TRAFFIC_SECRET 660311a71ff69f0fffd37bebfaf950ed97b4ed3820dd71de5c2692c7b43d94e9 566ea83e68ec4ac74aaf23b5ddfd1023c8ffd7dd7e357701b45295600e29adfe5443f38f6155661b9381d34990090513
CLIENT_TRAFFIC_SECRET_0 660311a71ff69f0fffd37bebfaf950ed97b4ed3820dd71de5c2692c7b43d94e9 f44d6489132b828def1eb288b1dc901690f6138342069bbd5b3bfbbf047fba9d965ff3badac2dded5080c8a6489ebde7
SERVER_HANDSHAKE_TRAFFIC_SECRET 54d9154923fecccc3ea553686ea9d9d295da6898aebbe33c092a52487f49d976 709c165b6fd2095903010201fe84b788050b7a561110bbcc0eaa0898c20088bfd6d72be56024d13ccc429383d1f2345c
EXPORTER_SECRET 54d9154923fecccc3ea553686ea9d9d295da6898aebbe33c092a52487f49d976 98b9c8dff6375a34b66a27819ebe4030763fc538c1871013b7f43901fec6cd7bd6e827985971036b69c398b8ff6f57dc
SERVER_TRAFFIC_SECRET_0 54d9154923fecccc3ea553686ea9d9d295da6898aebbe33c092a52487f49d976 694c28cdfef349ff84b6cd6001b9b8490b91ad16b486101eed6af44b47f2ef2d9d32b23b91c478d06f9c2aa79e7e4940
CLIENT_HANDSHAKE_TRAFFIC_SECRET 54d9154923fecccc3ea553686ea9d9d295da6898aebbe33c092a52487f49d976 26bfa60f16ae81dd3e3aab84b0203da7c5bb479f19e53d9b289fd9b394f31badc1a26d598af679268d6236ebb8a71c98
CLIENT_TRAFFIC_SECRET_0 54d9154923fecccc3ea553686ea9d9d295da6898aebbe33c092a52487f49d976 59ef7558112eb7125404d7a4b7fe69acb4273ada95524a0890909448113baf8ef9b83269b2a5f843e65e00d3d5bd6f91
SERVER_HANDSHAKE_TRAFFIC_SECRET ee66b92aafb1435dbbf81e7cd6dc324e0e074d25e7fc8d837dcd47227ed3e995 5143e9218d844284109a89a7487fc3952372935920567e137f6d8717d6109cc3a825cae125e783fd6588f2c6aa5644cf
EXPORTER_SECRET ee66b92aafb1435dbbf81e7cd6dc324e0e074d25e7fc8d837dcd47227ed3e995 81df780b11320446a44674448e57d87f3647ed71f082336b764b3babf3475dc423e676bc57e27ec4ac5798e67fd39e6b
SERVER_TRAFFIC_SECRET_0 ee66b92aafb1435dbbf81e7cd6dc324e0e074d25e7fc8d837dcd47227ed3e995 8b0abd8dd99d6b0420b35f06fd2c7d6762b5d85814c87049c3f383e272e421909dac702c7a7f4dd2e95196b5b92bbb10
CLIENT_HANDSHAKE_TRAFFIC_SECRET ee66b92aafb1435dbbf81e7cd6dc324e0e074d25e7fc8d837dcd47227ed3e995 a5555f622ff9d7edb25f9768a840be1d4f5ede0e15a1dc4fb76f3dd374c14744aa3bc9cb88a780571e5ce059b175ecf1
CLIENT_TRAFFIC_SECRET_0 ee66b92aafb1435dbbf81e7cd6dc324e0e074d25e7fc8d837dcd47227ed3e995 2895453a0d79dc909da1b7cc5670cbb38ac5e92a8b822182fbc5393713395684ae635f33e24a03951d3d2f2d62e6633c
SERVER_HANDSHAKE_TRAFFIC_SECRET dc3629ad021a43bde4b8985e4c5d6b8281f6e8afa60bdc915a8d5ead5693ebba 1881102a38690331038359de24af9f00a2f410af602e0eecbc9cba1a66be747337e0b176386b6c4930a9d5dd8630620c
EXPORTER_SECRET dc3629ad021a43bde4b8985e4c5d6b8281f6e8afa60bdc915a8d5ead5693ebba 1e960e8bf1128d114136dbb2e5ed120395714759b434054baba9a659b966bb6db6a6fcaa351fbfebb605935175e05fc4
SERVER_TRAFFIC_SECRET_0 dc3629ad021a43bde4b8985e4c5d6b8281f6e8afa60bdc915a8d5ead5693ebba 47dfb75683570c7c24346dc551ca7c7f64836cc8f68177544b5908685ca28a8aeeb049d4b1d1996501461768c7a5671b
CLIENT_HANDSHAKE_TRAFFIC_SECRET dc3629ad021a43bde4b8985e4c5d6b8281f6e8afa60bdc915a8d5ead5693ebba 097cc491cd0e55ee164adfb6036856a2d1b0c563ddd457cae6d7d075f4e93b02be9c5b6d86c7e5bf45766a9857489c38
CLIENT_TRAFFIC_SECRET_0 dc3629ad021a43bde4b8985e4c5d6b8281f6e8afa60bdc915a8d5ead5693ebba f15440ab79e3bfa22f026d31396b6cbe5ce214f170387fc76c4b14d3d57d2dc736907b3846b37a8521127699d82aacf7
SERVER_HANDSHAKE_TRAFFIC_SECRET 5cc48c4ea8746a9942e2ecad4c22895b8a77d7896e366663c67b735a48160d26 43c5c6c8071a5647710809cdf2b4a675f1ee2be33be7aeb8e245560ea5f10c50b89e92d2b0501c23d6c84784ee81389b
EXPORTER_SECRET 5cc48c4ea8746a9942e2ecad4c22895b8a77d7896e366663c67b735a48160d26 eecdf43d33db0496f5002301f1a9e290096900a1ea6bc9d5d00a878f6fc56073f6b809958968c816c64406a609437e38
SERVER_TRAFFIC_SECRET_0 5cc48c4ea8746a9942e2ecad4c22895b8a77d7896e366663c67b735a48160d26 3d03944ba645972eaa55bc1c04cd5c8788aeef1089532009f223001f9fcb00e8a667046f5f3305d5d393c312d01c86bf
CLIENT_HANDSHAKE_TRAFFIC_SECRET 5cc48c4ea8746a9942e2ecad4c22895b8a77d7896e366663c67b735a48160d26 59f237182b049f59e39855bf53858472624d2019f5763ef5b5224fccc902057164a4e8c6348742d34aee4f0eef5049db
CLIENT_TRAFFIC_SECRET_0 5cc48c4ea8746a9942e2ecad4c22895b8a77d7896e366663c67b735a48160d26 f64c7de56a1e8329b90d6dfe489a7cad217f7a054a80b20a278be6e97a438e9aaf496d3c47e4300ab08806a589e4a07f
SERVER_HANDSHAKE_TRAFFIC_SECRET 16325a1ac794ba6baa947fadb6d415ca1937dbe2d3d3c0df83b37112e99d9813 cba3b1293b1cfdd6a3bd14c6f833e96bfd7551c29ec739c111d8be2f18c035a6bb88d337a60c42dc11c168ab035f84cb
EXPORTER_SECRET 16325a1ac794ba6baa947fadb6d415ca1937dbe2d3d3c0df83b37112e99d9813 c78ffd64c698bba1a75fca0a9e912a5b9faef2b72f2ee102861b279556016928ddf6dd8ff242ef1d35a2c715f33b8a68
SERVER_TRAFFIC_SECRET_0 16325a1ac794ba6baa947fadb6d415ca1937dbe2d3d3c0df83b37112e99d9813 495c30a725172b1ef63d89209259fb54a3045723676c48410feb75e811a72e83c87c48f2ad210a6ba9112f392290f62b
CLIENT_HANDSHAKE_TRAFFIC_SECRET 16325a1ac794ba6baa947fadb6d415ca1937dbe2d3d3c0df83b37112e99d9813 878b8a59d815836048a802eb5e2d48af857e5c7e50ddb2edbfe59d55783893ccf887879a73f0f9dbe541cb92b7acda1a
CLIENT_TRAFFIC_SECRET_0 16325a1ac794ba6baa947fadb6d415ca1937dbe2d3d3c0df83b37112e99d9813 3cfb74afcf36c2c7bb864f251efa488a143633bd86c5c7c358da1144d2460db6c113688a5704169eb255f4d70b2f7913
SERVER_HANDSHAKE_TRAFFIC_SECRET d0be320287d36ea4fd489c3fc4eb4146a8ef21ad9e2d52e53b2374288ca29f1a f9ef8fe907f55a04a3dc60779346f6023f04a7f9436dbd52b1a764fa44eecb018b9c6e2bf525cb34604c9815614fdf7d
EXPORTER_SECRET d0be320287d36ea4fd489c3fc4eb4146a8ef21ad9e2d52e53b2374288ca29f1a 7272eacc80abcf5aec6aac1f0182e362cef81bcd98d3ac344f85e2f0a9d80f0a7238b115667df131a9e6a6b00fcdc68b
SERVER_TRAFFIC_SECRET_0 d0be320287d36ea4fd489c3fc4eb4146a8ef21ad9e2d52e53b2374288ca29f1a e770dd76720dd16dcc95643c8809eca1b0544058f3ae77a5375e3015ec4806a127324b96bf7775937f92e6cf9d071664
CLIENT_HANDSHAKE_TRAFFIC_SECRET d0be320287d36ea4fd489c3fc4eb4146a8ef21ad9e2d52e53b2374288ca29f1a 94b1b23fa07d316de809d154e4fcc12d11f5833e2d7ccb9a37e7e011dee7a6a98da3d486bac8ac2520d10e2ade978f8d
CLIENT_TRAFFIC_SECRET_0 d0be320287d36ea4fd489c3fc4eb4146a8ef21ad9e2d52e53b2374288ca29f1a 035dd3512232c479dac4b2bf7bcba1fddc5917e535c2ec2a38e3dfb16d0e7a6f7c5ad2d0c562298075f7d64d11be5cd1
SERVER_HANDSHAKE_TRAFFIC_SECRET 7f4305924f73f0975a2fbdbfa36146e785c328299ce5e6f771cce35aaea7dd03 1042475a3f0405953f4f226cebc2e8b7e5ca6bc190ec003b53c2c6f2e469732676218de4b8514f1e66fa4819e96f28bb
EXPORTER_SECRET 7f4305924f73f0975a2fbdbfa36146e785c328299ce5e6f771cce35aaea7dd03 7aa39e637a5ff490c74a0b89278289facc5fab0a3ec32cfb6e7fbd64eead730693b92f6e222b719d31b47623993d286b
SERVER_TRAFFIC_SECRET_0 7f4305924f73f0975a2fbdbfa36146e785c328299ce5e6f771cce35aaea7dd03 95e6a60fe55c2056003c99a7a61c2ad7f8f8a5491f07f4a123a862f4f721de65e29d55e9980ff03797fdfb6059d7adb1
CLIENT_HANDSHAKE_TRAFFIC_SECRET 7f4305924f73f0975a2fbdbfa36146e785c328299ce5e6f771cce35aaea7dd03 fdc78d82ad48760546085ad117f1f62e57f45689cf6caad50e8540cba402bae57f487b5ea21ef64a1adfead781ab930c
CLIENT_TRAFFIC_SECRET_0 7f4305924f73f0975a2fbdbfa36146e785c328299ce5e6f771cce35aaea7dd03 c3ee844a610a2bdc02c1e76450719a3a5f33c0cd71eb529561843b5998954d7eada0edce1ea1fa0f24cb2dcf582480cf
SERVER_HANDSHAKE_TRAFFIC_SECRET 08b82bcd0a93ed4acb842964f4aaa402c7d135c9c61fc18650136760676219e0 9fb77e116bd3aba19294fc0936713547f709b01b99f8311f3b40c07369a1fb0af7ebc58e21380cfa5d5a82636c3adc31
EXPORTER_SECRET 08b82bcd0a93ed4acb842964f4aaa402c7d135c9c61fc18650136760676219e0 ed06b24c5913eacaeca13cd819b7167275034db0cf3ea85d65f840a7a54ff3d9086684596ad05194c5720668cee22bd2
SERVER_TRAFFIC_SECRET_0 08b82bcd0a93ed4acb842964f4aaa402c7d135c9c61fc18650136760676219e0 617acce581dff1bf9f8fe3e89a4810341f1bfc9da7b39ef481ce964ccc62015f41c995b91d3cf8b8ff06c355d702084a
CLIENT_HANDSHAKE_TRAFFIC_SECRET 08b82bcd0a93ed4acb842964f4aaa402c7d135c9c61fc18650136760676219e0 8eb50c3f69c426bdba3ccdcbe8cca8737a6211c4227b26cc293af057a4871a91a7859855fbb6a48abb962ba7eb81d03d
CLIENT_TRAFFIC_SECRET_0 08b82bcd0a93ed4acb842964f4aaa402c7d135c9c61fc18650136760676219e0 9e702d5d25ce26c0687bd57b1f0e67bd6a6f114a5ce853af87da0b418c08a8b2f8819a06d60d4727bf0534041240cf7a
SERVER_HANDSHAKE_TRAFFIC_SECRET 96fa13dfe069543fee2ee703b9fce52750245f974e01010121381e37223182f3 9e26e5eba1334015881990180008d267721e7ce417013b375aeceaa59a9cb97a134956ea65bb0537b09d6d87133a8118
EXPORTER_SECRET 96fa13dfe069543fee2ee703b9fce52750245f974e01010121381e37223182f3 3e0a0f523eb7b61eaa8715684ae370fb398a83a2713e8c6e266832ff22a228a61e9576c72dd8d7d28f6d8d01810dd6ef
SERVER_TRAFFIC_SECRET_0 96fa13dfe069543fee2ee703b9fce52750245f974e01010121381e37223182f3 d898975d9420519e034f1e875192c2b297dc16b21c99897f64418aee85e23888aad5c05a4cb9c0b78ba00d51ca92e73e
CLIENT_HANDSHAKE_TRAFFIC_SECRET 96fa13dfe069543fee2ee703b9fce52750245f974e01010121381e37223182f3 1868c82da05740e6425c5dfbb75ff619de130e8f4113f8d4aa91a847ac07a4328c68f2d60a3175f9fe2be121dffa2046
CLIENT_TRAFFIC_SECRET_0 96fa13dfe069543fee2ee703b9fce52750245f974e01010121381e37223182f3 a14d195842f6f7d3dda6e2b45e9dd5bdfeadd525ed30ffdf23caf0434570021b25420e796a11340c5f825138505479d7
SERVER_HANDSHAKE_TRAFFIC_SECRET 2bb35686796a8bda609df07b6ec52681eaec24230ac8efd60b7b48e13d191ba1 edc936b38f3667cfc710b4a1c8dad2e6780c11cc4c0ab8081fd51d1c0f0460128e3d474a95a52338e7e981de45e916ce
EXPORTER_SECRET 2bb35686796a8bda609df07b6ec52681eaec24230ac8efd60b7b48e13d191ba1 12b40180812f4fbdae286f8958ed46f8eeb8a10646b2ab19d59b43e7c5a714f4010125cf496ebe28e9e84da2180efce3
SERVER_TRAFFIC_SECRET_0 2bb35686796a8bda609df07b6ec52681eaec24230ac8efd60b7b48e13d191ba1 f38768704cafb11e80aa3a368b450f6e6b6bc08f1f697f0beae64044b67b73d3180eb2245dfbe2410001996034bb87be
CLIENT_HANDSHAKE_TRAFFIC_SECRET 2bb35686796a8bda609df07b6ec52681eaec24230ac8efd60b7b48e13d191ba1 c61c7c6872dc3aa92680082dee879ce306652a93d98ff46fbea8baef4b822413d753c171901f8d8e18ade5b05c6f5df0
CLIENT_TRAFFIC_SECRET_0 2bb35686796a8bda609df07b6ec52681eaec24230ac8efd60b7b48e13d191ba1 ca20348c577582aeb18da3a4e7b11bb2d0175241968240e19df078182b41ab813e88d44dbf18cb555447077acbcda87f
SERVER_HANDSHAKE_TRAFFIC_SECRET 47326cdb2a78b2180902cf7361ea507d5057c88dd76835b9ee99dcb2d47b9bd8 7a335e8ad7106c114ed141cf1de18c5462ad4dead7f9e90304f92a93fdb2dfd96e44402685c868c54703d0e736cadef7
EXPORTER_SECRET 47326cdb2a78b2180902cf7361ea507d5057c88dd76835b9ee99dcb2d47b9bd8 c5848980d1369cf83511342393b40e52e09fa762550a007af1ac6edaa787ab82a7eba42a44f902119ab34e41ac2008b1
SERVER_TRAFFIC_SECRET_0 47326cdb2a78b2180902cf7361ea507d5057c88dd76835b9ee99dcb2d47b9bd8 4a68117cfed7e3d4c9bc8af23fc23a2e20d29a0d8eb88472eba9ccddf8290b0d8974ce505d462e0e91ed9d07a9436f69
CLIENT_HANDSHAKE_TRAFFIC_SECRET 47326cdb2a78b2180902cf7361ea507d5057c88dd76835b9ee99dcb2d47b9bd8 1a9e39c15e6f3dfa1791eccbc7c3bdbc0a3e00634762a554b7648050731e67666519912ddd03ea06cc8bed6bf7653fdb
CLIENT_TRAFFIC_SECRET_0 47326cdb2a78b2180902cf7361ea507d5057c88dd76835b9ee99dcb2d47b9bd8 705d3561af68ac3ac515ce8604292f3b488f30edf599dd0d87706d0d319be9b8a0eeec9d9846370d2657a03c78215efa
SERVER_HANDSHAKE_TRAFFIC_SECRET 033fdf656a408bb93c6af297a552f091e0bac9f025c12973929bec0e099f604f d143eb400fe81b5881d9116d9dfeaffeec90a933bff88fce08774a13ed97ab736f9c1c00dfe6cba89e6e3ef0d20ef00a
EXPORTER_SECRET 033fdf656a408bb93c6af297a552f091e0bac9f025c12973929bec0e099f604f 4a0398550cc61bfa9597e563302abd001fa021d8aebca7e18281287e32120fa4ed8a72e07ee684cc6de7c12aff1b1418
SERVER_TRAFFIC_SECRET_0 033fdf656a408bb93c6af297a552f091e0bac9f025c12973929bec0e099f604f 7bb9f03c052cbfc6a4abaa15c3684b8eb3574c1f4523a6d6f66df7d231dc9e2a30e678a3958dfee0be6d7eb8369de45b
CLIENT_HANDSHAKE_TRAFFIC_SECRET 033fdf656a408bb93c6af297a552f091e0bac9f025c12973929bec0e099f604f 87d4d215f3b60d5e68d9b8784853385312b7c6875fbff8fd97f415bbd49b5b327d4a31f1601f4e571a7dc7d4db0e0862
CLIENT_TRAFFIC_SECRET_0 033fdf656a408bb93c6af297a552f091e0bac9f025c12973929bec0e099f604f 4e385ee2e781b385fbef597966d3dca0ec8631f095a3e4dd4014600f1b6f2cfd8e53689efaa755c282649564c4b55ce8
SERVER_HANDSHAKE_TRAFFIC_SECRET ff3b166a07fdcba79c8e7bd3b79231f18fb447d755b51648674151955f8cf14f 871435b1870b07da76ef0bd5ae36eebc0fbb28f8ce08d723758d006166b5ac9bb1c98018c5379ba167851dab8f8ed8f3
EXPORTER_SECRET ff3b166a07fdcba79c8e7bd3b79231f18fb447d755b51648674151955f8cf14f 426cb0e1a8eb8e022b8bee0c49ac7575b2025522535e1c231a76f193f81af8670e47b87e2a2966c5462faceb9d6ad1e4
SERVER_TRAFFIC_SECRET_0 ff3b166a07fdcba79c8e7bd3b79231f18fb447d755b51648674151955f8cf14f 09edb7c65e18616e821f680fae576e7ded6a6ce1b3efeafbb3c13d13332796ea8c9063608614dd152e8cfac959f88826
CLIENT_HANDSHAKE_TRAFFIC_SECRET ff3b166a07fdcba79c8e7bd3b79231f18fb447d755b51648674151955f8cf14f ed5156447878dc5cf8bbef24c014fc219c465f14f43eb80bbfb501a4a0e633c42ee4ab989961cd87f27a5dcf72a04ba5
CLIENT_TRAFFIC_SECRET_0 ff3b166a07fdcba79c8e7bd3b79231f18fb447d755b51648674151955f8cf14f e77d57df0815f855708ed5154ab9b6c17bdd296a0278d00ed29a8a8071e857a4746a6d38bf62de29e988a1d982b40e26
SERVER_HANDSHAKE_TRAFFIC_SECRET 87d09040aaf09c473885e9ccdd848a67506ab73644cc57d3e2f2a677f891bd0b 4c452573863c70f224064d3d23f7dd6d41fe3f304b0b45533b588768b4c467328833f07123a1a8cc46a1afdd70db633c
EXPORTER_SECRET 87d09040aaf09c473885e9ccdd848a67506ab73644cc57d3e2f2a677f891bd0b 1e50406048462763dcac5fca05084882b84399272eafd8acb0c2a6efd436ea30ed88468553b67033e21f4dab9645f643
SERVER_TRAFFIC_SECRET_0 87d09040aaf09c473885e9ccdd848a67506ab73644cc57d3e2f2a677f891bd0b a16d08e9c455aa5125fa9e7f141ea7f1e9f12c2d52486c5b97c6c7bfa953ffe0b39f00cd302bdd1e718dfaa4f566ab51
CLIENT_HANDSHAKE_TRAFFIC_SECRET 87d09040aaf09c473885e9ccdd848a67506ab73644cc57d3e2f2a677f891bd0b 15551386250655ca0ea556cbbbadfde0acabc73545a98930e80e7d15d349f3266ba89140046fb77fcbcdf14ffe0bf81e
CLIENT_TRAFFIC_SECRET_0 87d09040aaf09c473885e9ccdd848a67506ab73644cc57d3e2f2a677f891bd0b 3c475b638ab882a8416f9fc202a87af2eb4e1e05b5345c9ea534928645acabadf3ae5cfb339205590ad6b19cdeab3e44
