\BOOKMARK [0][-]{chapter.1}{\376\377\000I\000n\000t\000r\000o\000d\000u\000z\000i\000o\000n\000e}{}% 1
\BOOKMARK [1][-]{section.1.1}{\376\377\000P\000a\000n\000o\000r\000a\000m\000i\000c\000a\000\040\000s\000u\000l\000l\000'\000e\000S\000I\000M}{chapter.1}% 2
\BOOKMARK [1][-]{section.1.2}{\376\377\000O\000b\000i\000e\000t\000t\000i\000v\000o\000\040\000d\000e\000l\000\040\000l\000a\000v\000o\000r\000o}{chapter.1}% 3
\BOOKMARK [1][-]{section.1.3}{\376\377\000D\000e\000f\000i\000n\000i\000z\000i\000o\000n\000i\000\040\000p\000r\000e\000l\000i\000m\000i\000n\000a\000r\000i}{chapter.1}% 4
\BOOKMARK [0][-]{chapter.2}{\376\377\000I\000n\000t\000e\000r\000f\000a\000c\000c\000e\000\040\000e\000\040\000f\000u\000n\000z\000i\000o\000n\000a\000m\000e\000n\000t\000o\000\040\000d\000e\000l\000l\000'\000e\000S\000I\000M}{}% 5
\BOOKMARK [1][-]{section.2.1}{\376\377\000A\000r\000c\000h\000i\000t\000e\000t\000t\000u\000r\000a\000\040\000d\000i\000\040\000R\000S\000P}{chapter.2}% 6
\BOOKMARK [2][-]{subsection.2.1.1}{\376\377\000I\000n\000t\000e\000r\000f\000a\000c\000c\000e\000\040\000p\000r\000e\000s\000e\000n\000t\000i\000\040\000n\000e\000l\000l\000'\000a\000r\000c\000h\000i\000t\000e\000t\000t\000u\000r\000a\000\040\000d\000i\000\040\000R\000S\000P}{section.2.1}% 7
\BOOKMARK [1][-]{section.2.2}{\376\377\000A\000r\000c\000h\000i\000t\000e\000t\000t\000u\000r\000a\000\040\000d\000e\000l\000l\000'\000e\000U\000I\000C\000C}{chapter.2}% 8
\BOOKMARK [2][-]{subsection.2.2.1}{\376\377\000C\000a\000r\000a\000t\000t\000e\000r\000i\000s\000t\000i\000c\000h\000e\000\040\000h\000a\000r\000d\000w\000a\000r\000e\000\040\000e\000\040\000s\000o\000f\000t\000w\000a\000r\000e\000\040\000d\000e\000l\000l\000'\000e\000U\000I\000C\000C}{section.2.2}% 9
\BOOKMARK [1][-]{section.2.3}{\376\377\000C\000h\000i\000a\000v\000i\000\040\000c\000r\000i\000t\000t\000o\000g\000r\000a\000f\000i\000c\000h\000e\000\040\000e\000\040\000c\000e\000r\000t\000i\000f\000i\000c\000a\000t\000i}{chapter.2}% 10
\BOOKMARK [2][-]{subsection.2.3.1}{\376\377\000C\000h\000i\000a\000v\000i\000\040\000c\000r\000i\000t\000t\000o\000g\000r\000a\000f\000i\000c\000h\000e}{section.2.3}% 11
\BOOKMARK [2][-]{subsection.2.3.2}{\376\377\000C\000e\000r\000t\000i\000f\000i\000c\000a\000t\000i}{section.2.3}% 12
\BOOKMARK [2][-]{subsection.2.3.3}{\376\377\000A\000g\000g\000i\000o\000r\000n\000a\000m\000e\000n\000t\000o\000\040\000d\000e\000l\000l\000e\000\040\000c\000h\000i\000a\000v\000i\000\040\000p\000u\000b\000b\000l\000i\000c\000h\000e\000\040\000n\000e\000l\000l\000'\000e\000U\000I\000C\000C}{section.2.3}% 13
\BOOKMARK [1][-]{section.2.4}{\376\377\000I\000n\000t\000e\000r\000a\000z\000i\000o\000n\000e\000\040\000t\000r\000a\000\040\000e\000U\000I\000C\000C\000,\000\040\000L\000P\000A\000,\000\040\000S\000M\000-\000D\000P\000+\000\040\000e\000\040\000o\000p\000e\000r\000a\000t\000o\000r\000e}{chapter.2}% 14
\BOOKMARK [2][-]{subsection.2.4.1}{\376\377\000S\000i\000c\000u\000r\000e\000z\000z\000a\000\040\000T\000L\000S}{section.2.4}% 15
\BOOKMARK [2][-]{subsection.2.4.2}{\376\377\000R\000e\000g\000o\000l\000e\000\040\000p\000e\000r\000\040\000l\000a\000\040\000c\000o\000m\000u\000n\000i\000c\000a\000z\000i\000o\000n\000e\000\040\000i\000n\000\040\000R\000S\000P}{section.2.4}% 16
\BOOKMARK [2][-]{subsection.2.4.3}{\376\377\000S\000t\000e\000p\000\040\000d\000e\000l\000l\000'\000i\000n\000t\000e\000r\000a\000z\000i\000o\000n\000e\000\040\000i\000n\000\040\000R\000S\000P}{section.2.4}% 17
\BOOKMARK [2][-]{subsection.2.4.4}{\376\377\000C\000i\000c\000l\000o\000\040\000d\000i\000\040\000v\000i\000t\000a\000\040\000d\000e\000i\000\040\000p\000r\000o\000f\000i\000l\000i\000\040\000i\000n\000\040\000S\000M\000-\000D\000P\000+}{section.2.4}% 18
\BOOKMARK [2][-]{subsection.2.4.5}{\376\377\000D\000e\000t\000t\000a\000g\000l\000i\000\040\000s\000u\000l\000l\000a\000\040\000C\000o\000m\000m\000o\000n\000\040\000M\000u\000t\000u\000a\000l\000\040\000A\000u\000t\000h\000e\000n\000t\000i\000c\000a\000t\000i\000o\000n}{section.2.4}% 19
\BOOKMARK [2][-]{subsection.2.4.6}{\376\377\000D\000e\000t\000t\000a\000g\000l\000i\000\040\000s\000u\000\040\000d\000o\000w\000n\000l\000o\000a\000d\000\040\000e\000\040\000i\000n\000s\000t\000a\000l\000l\000a\000z\000i\000o\000n\000e\000\040\000d\000e\000i\000\040\000p\000r\000o\000f\000i\000l\000i}{section.2.4}% 20
\BOOKMARK [2][-]{subsection.2.4.7}{\376\377\000S\000o\000t\000t\000o\000-\000p\000r\000o\000c\000e\000d\000u\000r\000a\000\040\000d\000i\000\040\000D\000o\000w\000n\000l\000o\000a\000d\000\040\000C\000o\000n\000f\000i\000r\000m\000a\000t\000i\000o\000n}{section.2.4}% 21
\BOOKMARK [2][-]{subsection.2.4.8}{\376\377\000C\000a\000m\000b\000i\000o\000\040\000d\000i\000\040\000d\000i\000s\000p\000o\000s\000i\000t\000i\000v\000o}{section.2.4}% 22
\BOOKMARK [2][-]{subsection.2.4.9}{\376\377\000D\000e\000t\000t\000a\000g\000l\000i\000\040\000s\000u\000l\000l\000a\000\040\000C\000o\000m\000m\000o\000n\000\040\000C\000a\000n\000c\000e\000l\000\040\000S\000e\000s\000s\000i\000o\000n\000\040\000P\000r\000o\000c\000e\000d\000u\000r\000e}{section.2.4}% 23
\BOOKMARK [1][-]{section.2.5}{\376\377\000P\000o\000l\000i\000c\000y\000\040\000d\000e\000i\000\040\000p\000r\000o\000f\000i\000l\000i}{chapter.2}% 24
\BOOKMARK [2][-]{subsection.2.5.1}{\376\377\000R\000u\000l\000e\000s\000\040\000A\000u\000t\000h\000o\000r\000i\000s\000a\000t\000i\000o\000n\000\040\000T\000a\000b\000l\000e}{section.2.5}% 25
\BOOKMARK [0][-]{chapter.3}{\376\377\000S\000t\000a\000t\000o\000\040\000d\000e\000l\000l\000'\000a\000r\000t\000e}{}% 26
\BOOKMARK [1][-]{section.3.1}{\376\377\000U\000n\000o\000\040\000s\000t\000u\000d\000i\000o\000\040\000c\000o\000n\000d\000o\000t\000t\000o\000\040\000n\000e\000l\000\040\0002\0000\0002\0002}{chapter.3}% 27
\BOOKMARK [1][-]{section.3.2}{\376\377\000A\000l\000t\000r\000i\000\040\000s\000t\000u\000d\000i\000\040\000i\000n\000\040\000c\000o\000r\000s\000o}{chapter.3}% 28
\BOOKMARK [0][-]{chapter.4}{\376\377\000I\000m\000p\000l\000e\000m\000e\000n\000t\000a\000z\000i\000o\000n\000e\000\040\000d\000e\000i\000\040\000s\000i\000m\000u\000l\000a\000t\000o\000r\000i}{}% 29
\BOOKMARK [1][-]{section.4.1}{\376\377\000O\000b\000i\000e\000t\000t\000i\000v\000o\000\040\000p\000r\000e\000f\000i\000s\000s\000a\000t\000o}{chapter.4}% 30
\BOOKMARK [1][-]{section.4.2}{\376\377\000O\000t\000t\000e\000n\000i\000m\000e\000n\000t\000o\000\040\000d\000e\000l\000l\000e\000\040\000c\000a\000t\000t\000u\000r\000e\000\040\000s\000u\000\040\000W\000i\000r\000e\000s\000h\000a\000r\000k}{chapter.4}% 31
\BOOKMARK [1][-]{section.4.3}{\376\377\000A\000n\000a\000l\000i\000s\000i\000\040\000d\000e\000i\000\040\000m\000e\000s\000s\000a\000g\000g\000i\000\040\000c\000a\000t\000t\000u\000r\000a\000t\000i}{chapter.4}% 32
\BOOKMARK [2][-]{subsection.4.3.1}{\376\377\000A\000n\000a\000l\000i\000s\000i\000\040\000d\000i\000\040\000i\000n\000i\000t\000i\000a\000t\000e\000A\000u\000t\000h\000e\000n\000t\000i\000c\000a\000t\000i\000o\000n}{section.4.3}% 33
\BOOKMARK [2][-]{subsection.4.3.2}{\376\377\000A\000n\000a\000l\000i\000s\000i\000\040\000d\000i\000\040\000i\000n\000i\000t\000i\000a\000t\000e\000A\000u\000t\000h\000e\000n\000t\000i\000c\000a\000t\000i\000o\000n\000R\000e\000s\000p\000o\000n\000s\000e}{section.4.3}% 34
\BOOKMARK [2][-]{subsection.4.3.3}{\376\377\000A\000n\000a\000l\000i\000s\000i\000\040\000d\000i\000\040\000a\000u\000t\000h\000e\000n\000t\000i\000c\000a\000t\000e\000C\000l\000i\000e\000n\000t}{section.4.3}% 35
\BOOKMARK [2][-]{subsection.4.3.4}{\376\377\000A\000n\000a\000l\000i\000s\000i\000\040\000d\000i\000\040\000a\000u\000t\000h\000e\000n\000t\000i\000c\000a\000t\000e\000C\000l\000i\000e\000n\000t\000R\000e\000s\000p\000o\000n\000s\000e}{section.4.3}% 36
\BOOKMARK [2][-]{subsection.4.3.5}{\376\377\000A\000n\000a\000l\000i\000s\000i\000\040\000d\000i\000\040\000g\000e\000t\000B\000o\000u\000n\000d\000P\000r\000o\000f\000i\000l\000e\000P\000a\000c\000k\000a\000g\000e}{section.4.3}% 37
\BOOKMARK [2][-]{subsection.4.3.6}{\376\377\000A\000n\000a\000l\000i\000s\000i\000\040\000d\000i\000\040\000g\000e\000t\000B\000o\000u\000n\000d\000P\000r\000o\000f\000i\000l\000e\000P\000a\000c\000k\000a\000g\000e\000R\000e\000s\000p\000o\000n\000s\000e}{section.4.3}% 38
\BOOKMARK [2][-]{subsection.4.3.7}{\376\377\000A\000n\000a\000l\000i\000s\000i\000\040\000d\000i\000\040\000h\000a\000n\000d\000l\000e\000N\000o\000t\000i\000f\000i\000c\000a\000t\000i\000o\000n}{section.4.3}% 39
\BOOKMARK [1][-]{section.4.4}{\376\377\000S\000c\000r\000i\000t\000t\000u\000r\000a\000\040\000d\000e\000l\000\040\000c\000o\000d\000i\000c\000e}{chapter.4}% 40
\BOOKMARK [2][-]{subsection.4.4.1}{\376\377\000L\000i\000b\000r\000e\000r\000i\000e\000\040\000P\000y\000t\000h\000o\000n\000\040\000u\000t\000i\000l\000i\000z\000z\000a\000t\000e}{section.4.4}% 41
\BOOKMARK [2][-]{subsection.4.4.2}{\376\377\000C\000o\000n\000f\000r\000o\000n\000t\000o\000\040\000t\000r\000a\000\040\000s\000p\000e\000c\000i\000f\000i\000c\000h\000e\000\040\000G\000S\000M\000A\000\040\000e\000\040\000s\000i\000m\000u\000l\000a\000t\000o\000r\000i}{section.4.4}% 42
\BOOKMARK [1][-]{section.4.5}{\376\377\000V\000a\000l\000i\000d\000a\000z\000i\000o\000n\000e\000\040\000d\000e\000i\000\040\000s\000i\000m\000u\000l\000a\000t\000o\000r\000i}{chapter.4}% 43
\BOOKMARK [2][-]{subsection.4.5.1}{\376\377\000V\000a\000l\000i\000d\000a\000z\000i\000o\000n\000e\000\040\000d\000e\000l\000\040\000s\000i\000m\000u\000l\000a\000t\000o\000r\000e\000\040\000l\000a\000t\000o\000\040\000c\000l\000i\000e\000n\000t}{section.4.5}% 44
\BOOKMARK [2][-]{subsection.4.5.2}{\376\377\000V\000a\000l\000i\000d\000a\000z\000i\000o\000n\000e\000\040\000d\000e\000l\000\040\000s\000i\000m\000u\000l\000a\000t\000o\000r\000e\000\040\000l\000a\000t\000o\000\040\000s\000e\000r\000v\000e\000r}{section.4.5}% 45
\BOOKMARK [0][-]{chapter.5}{\376\377\000A\000n\000a\000l\000i\000s\000i\000\040\000d\000i\000\040\000s\000i\000c\000u\000r\000e\000z\000z\000a\000\040\000d\000e\000l\000l\000'\000e\000S\000I\000M}{}% 46
\BOOKMARK [1][-]{section.5.1}{\376\377\000D\000e\000s\000c\000r\000i\000z\000i\000o\000n\000e\000\040\000d\000e\000l\000l\000'\000a\000n\000a\000l\000i\000s\000i}{chapter.5}% 47
\BOOKMARK [1][-]{section.5.2}{\376\377\000O\000t\000t\000e\000n\000i\000m\000e\000n\000t\000o\000\040\000d\000e\000i\000\040\000s\000e\000r\000v\000e\000r\000\040\000d\000a\000\040\000t\000e\000s\000t\000a\000r\000e}{chapter.5}% 48
\BOOKMARK [1][-]{section.5.3}{\376\377\000R\000i\000s\000p\000o\000s\000t\000e\000\040\000d\000e\000i\000\040\000s\000e\000r\000v\000e\000r\000\040\000t\000e\000s\000t\000a\000t\000i}{chapter.5}% 49
\BOOKMARK [2][-]{subsection.5.3.1}{\376\377\000C\000a\000s\000i\000\040\000d\000i\000\040\000t\000e\000s\000t\000\040\000d\000e\000f\000i\000n\000i\000t\000i}{section.5.3}% 50
\BOOKMARK [2][-]{subsection.5.3.2}{\376\377\000C\000e\000r\000t\000i\000f\000i\000c\000a\000t\000i\000\040\000e\000s\000i\000b\000i\000t\000i\000\040\000d\000a\000i\000\040\000s\000e\000r\000v\000e\000r}{section.5.3}% 51
\BOOKMARK [2][-]{subsection.5.3.3}{\376\377\000A\000n\000a\000l\000i\000s\000i\000\040\000d\000e\000l\000l\000e\000\040\000r\000i\000s\000p\000o\000s\000t\000e\000\040\000r\000i\000c\000e\000v\000u\000t\000e}{section.5.3}% 52
\BOOKMARK [2][-]{subsection.5.3.4}{\376\377\000O\000s\000s\000e\000r\000v\000a\000z\000i\000o\000n\000i\000\040\000s\000u\000l\000l\000e\000\040\000r\000i\000s\000p\000o\000s\000t\000e\000\040\000r\000i\000c\000e\000v\000u\000t\000e}{section.5.3}% 53
\BOOKMARK [1][-]{section.5.4}{\376\377\000O\000t\000t\000e\000n\000i\000m\000e\000n\000t\000o\000\040\000d\000e\000i\000\040\000c\000l\000i\000e\000n\000t\000\040\000d\000a\000\040\000t\000e\000s\000t\000a\000r\000e}{chapter.5}% 54
\BOOKMARK [1][-]{section.5.5}{\376\377\000R\000i\000s\000p\000o\000s\000t\000e\000\040\000d\000e\000i\000\040\000c\000l\000i\000e\000n\000t\000\040\000t\000e\000s\000t\000a\000t\000i}{chapter.5}% 55
\BOOKMARK [2][-]{subsection.5.5.1}{\376\377\000C\000a\000s\000i\000\040\000d\000i\000\040\000t\000e\000s\000t\000\040\000d\000e\000f\000i\000n\000i\000t\000i}{section.5.5}% 56
\BOOKMARK [2][-]{subsection.5.5.2}{\376\377\000C\000e\000r\000t\000i\000f\000i\000c\000a\000t\000i\000\040\000e\000s\000i\000b\000i\000t\000i\000\040\000d\000a\000i\000\040\000c\000l\000i\000e\000n\000t}{section.5.5}% 57
\BOOKMARK [2][-]{subsection.5.5.3}{\376\377\000A\000n\000a\000l\000i\000s\000i\000\040\000d\000e\000l\000l\000e\000\040\000r\000i\000s\000p\000o\000s\000t\000e\000\040\000r\000i\000c\000e\000v\000u\000t\000e}{section.5.5}% 58
\BOOKMARK [1][-]{section.5.6}{\376\377\000S\000c\000e\000n\000a\000r\000i\000\040\000d\000i\000\040\000a\000t\000t\000a\000c\000c\000h\000i\000\040\000i\000p\000o\000t\000e\000t\000i\000c\000i}{chapter.5}% 59
\BOOKMARK [0][-]{chapter.6}{\376\377\000C\000o\000n\000c\000l\000u\000s\000i\000o\000n\000e}{}% 60
\BOOKMARK [1][-]{section.6.1}{\376\377\000R\000e\000s\000o\000c\000o\000n\000t\000o\000\040\000d\000e\000l\000\040\000l\000a\000v\000o\000r\000o\000\040\000s\000v\000o\000l\000t\000o}{chapter.6}% 61
\BOOKMARK [1][-]{section.6.2}{\376\377\000S\000v\000i\000l\000u\000p\000p\000i\000\040\000f\000u\000t\000u\000r\000i}{chapter.6}% 62
